错误节点分布: 4 节点 (0, 1, 2, 3)
文件1数据：1.82812，文件2数据：1.6875，差值百分比：-7.69%

错误节点分布: 4 节点 (0, 1, 2, 4)
文件1数据：2.13281，文件2数据：1.77344，差值百分比：-16.85%

错误节点分布: 4 节点 (0, 1, 2, 5)
文件1数据：2.14062，文件2数据：1.76172，差值百分比：-17.70%

错误节点分布: 4 节点 (0, 1, 2, 6)
文件1数据：2.09375，文件2数据：1.75，差值百分比：-16.42%

错误节点分布: 4 节点 (0, 1, 2, 7)
文件1数据：2.1875，文件2数据：1.76172，差值百分比：-19.46%

错误节点分布: 4 节点 (0, 1, 2, 8)
文件1数据：2.17969，文件2数据：1.78906，差值百分比：-17.92%

错误节点分布: 4 节点 (0, 1, 2, 9)
文件1数据：2.21094，文件2数据：1.78125，差值百分比：-19.43%

错误节点分布: 4 节点 (0, 1, 2, 10)
文件1数据：2.11719，文件2数据：1.76172，差值百分比：-16.79%

错误节点分布: 4 节点 (0, 1, 2, 11)
文件1数据：2.17578，文件2数据：1.75，差值百分比：-19.57%

错误节点分布: 4 节点 (0, 1, 2, 12)
文件1数据：2.16016，文件2数据：1.76172，差值百分比：-18.44%

错误节点分布: 4 节点 (0, 1, 2, 13)
文件1数据：2.13672，文件2数据：1.77344，差值百分比：-17.00%

错误节点分布: 4 节点 (0, 1, 3, 4)
文件1数据：2.13672，文件2数据：1.76172，差值百分比：-17.55%

错误节点分布: 4 节点 (0, 1, 3, 5)
文件1数据：2.13281，文件2数据：1.76172，差值百分比：-17.40%

错误节点分布: 4 节点 (0, 1, 3, 6)
文件1数据：2.11719，文件2数据：1.76172，差值百分比：-16.79%

错误节点分布: 4 节点 (0, 1, 3, 7)
文件1数据：2.12891，文件2数据：1.76172，差值百分比：-17.25%

错误节点分布: 4 节点 (0, 1, 3, 8)
文件1数据：2.15234，文件2数据：1.75781，差值百分比：-18.33%

错误节点分布: 4 节点 (0, 1, 3, 9)
文件1数据：2.17578，文件2数据：1.78125，差值百分比：-18.13%

错误节点分布: 4 节点 (0, 1, 3, 10)
文件1数据：2.16016，文件2数据：1.77344，差值百分比：-17.90%

错误节点分布: 4 节点 (0, 1, 3, 11)
文件1数据：2.14844，文件2数据：1.77344，差值百分比：-17.45%

错误节点分布: 4 节点 (0, 1, 3, 12)
文件1数据：2.15625，文件2数据：1.76172，差值百分比：-18.30%

错误节点分布: 4 节点 (0, 1, 3, 13)
文件1数据：2.14453，文件2数据：1.82031，差值百分比：-15.12%

错误节点分布: 4 节点 (0, 1, 4, 5)
文件1数据：1.92578，文件2数据：1.72656，差值百分比：-10.34%

错误节点分布: 4 节点 (0, 1, 4, 6)
文件1数据：1.95703，文件2数据：1.71875，差值百分比：-12.18%

错误节点分布: 4 节点 (0, 1, 4, 7)
文件1数据：1.92188，文件2数据：1.73047，差值百分比：-9.96%

错误节点分布: 4 节点 (0, 1, 4, 8)
文件1数据：1.90625，文件2数据：1.74609，差值百分比：-8.40%

错误节点分布: 4 节点 (0, 1, 4, 9)
文件1数据：1.92969，文件2数据：1.73828，差值百分比：-9.92%

错误节点分布: 4 节点 (0, 1, 4, 10)
文件1数据：1.86719，文件2数据：1.71875，差值百分比：-7.95%

错误节点分布: 4 节点 (0, 1, 4, 11)
文件1数据：1.86719，文件2数据：1.72266，差值百分比：-7.74%

错误节点分布: 4 节点 (0, 1, 4, 12)
文件1数据：1.9375，文件2数据：1.71094，差值百分比：-11.69%

错误节点分布: 4 节点 (0, 1, 4, 13)
文件1数据：1.89062，文件2数据：1.71484，差值百分比：-9.30%

错误节点分布: 4 节点 (0, 1, 5, 6)
文件1数据：1.91406，文件2数据：1.72656，差值百分比：-9.80%

错误节点分布: 4 节点 (0, 1, 5, 7)
文件1数据：1.94141，文件2数据：1.71484，差值百分比：-11.67%

错误节点分布: 4 节点 (0, 1, 5, 8)
文件1数据：2.00781，文件2数据：1.77734，差值百分比：-11.48%

错误节点分布: 4 节点 (0, 1, 5, 9)
文件1数据：1.98438，文件2数据：1.73828，差值百分比：-12.40%

错误节点分布: 4 节点 (0, 1, 5, 10)
文件1数据：1.88672，文件2数据：1.72656，差值百分比：-8.49%

错误节点分布: 4 节点 (0, 1, 5, 11)
文件1数据：1.85547，文件2数据：1.71094，差值百分比：-7.79%

错误节点分布: 4 节点 (0, 1, 5, 12)
文件1数据：1.88672，文件2数据：1.70312，差值百分比：-9.73%

错误节点分布: 4 节点 (0, 1, 5, 13)
文件1数据：1.85156，文件2数据：1.73828，差值百分比：-6.12%

错误节点分布: 4 节点 (0, 1, 6, 7)
文件1数据：1.92188，文件2数据：1.72266，差值百分比：-10.37%

错误节点分布: 4 节点 (0, 1, 6, 8)
文件1数据：1.96875，文件2数据：1.73828，差值百分比：-11.71%

错误节点分布: 4 节点 (0, 1, 6, 9)
文件1数据：1.92578，文件2数据：1.73828，差值百分比：-9.74%

错误节点分布: 4 节点 (0, 1, 6, 10)
文件1数据：1.87891，文件2数据：1.71875，差值百分比：-8.52%

错误节点分布: 4 节点 (0, 1, 6, 11)
文件1数据：1.89844，文件2数据：1.71875，差值百分比：-9.47%

错误节点分布: 4 节点 (0, 1, 6, 12)
文件1数据：1.87109，文件2数据：1.71094，差值百分比：-8.56%

错误节点分布: 4 节点 (0, 1, 6, 13)
文件1数据：1.91797，文件2数据：1.71484，差值百分比：-10.59%

错误节点分布: 4 节点 (0, 1, 7, 8)
文件1数据：1.92969，文件2数据：1.75，差值百分比：-9.31%

错误节点分布: 4 节点 (0, 1, 7, 9)
文件1数据：1.99609，文件2数据：1.75，差值百分比：-12.33%

错误节点分布: 4 节点 (0, 1, 7, 10)
文件1数据：1.86328，文件2数据：1.71094，差值百分比：-8.18%

错误节点分布: 4 节点 (0, 1, 7, 11)
文件1数据：1.9375，文件2数据：1.71094，差值百分比：-11.69%

错误节点分布: 4 节点 (0, 1, 7, 12)
文件1数据：1.91016，文件2数据：1.72266，差值百分比：-9.82%

错误节点分布: 4 节点 (0, 1, 7, 13)
文件1数据：1.9375，文件2数据：1.70703，差值百分比：-11.90%

错误节点分布: 4 节点 (0, 1, 8, 9)
文件1数据：2.03125，文件2数据：1.73047，差值百分比：-14.81%

错误节点分布: 4 节点 (0, 1, 8, 10)
文件1数据：1.95703，文件2数据：1.75781，差值百分比：-10.18%

错误节点分布: 4 节点 (0, 1, 8, 11)
文件1数据：1.94922，文件2数据：1.76172，差值百分比：-9.62%

错误节点分布: 4 节点 (0, 1, 8, 12)
文件1数据：1.92969，文件2数据：1.75，差值百分比：-9.31%

错误节点分布: 4 节点 (0, 1, 8, 13)
文件1数据：1.90625，文件2数据：1.75，差值百分比：-8.20%

错误节点分布: 4 节点 (0, 1, 9, 10)
文件1数据：1.95703，文件2数据：1.74219，差值百分比：-10.98%

错误节点分布: 4 节点 (0, 1, 9, 11)
文件1数据：1.98438，文件2数据：1.74219，差值百分比：-12.20%

错误节点分布: 4 节点 (0, 1, 9, 12)
文件1数据：1.91797，文件2数据：1.74219，差值百分比：-9.16%

错误节点分布: 4 节点 (0, 1, 9, 13)
文件1数据：2.02734，文件2数据：1.75，差值百分比：-13.68%

错误节点分布: 4 节点 (0, 1, 10, 11)
文件1数据：1.89062，文件2数据：1.72266，差值百分比：-8.88%

错误节点分布: 4 节点 (0, 1, 10, 12)
文件1数据：1.91406，文件2数据：1.71094，差值百分比：-10.61%

错误节点分布: 4 节点 (0, 1, 10, 13)
文件1数据：1.91016，文件2数据：1.75781，差值百分比：-7.98%

错误节点分布: 4 节点 (0, 1, 11, 12)
文件1数据：1.96484，文件2数据：1.6875，差值百分比：-14.12%

错误节点分布: 4 节点 (0, 1, 11, 13)
文件1数据：1.9375，文件2数据：1.73438，差值百分比：-10.48%

错误节点分布: 4 节点 (0, 1, 12, 13)
文件1数据：1.90625，文件2数据：1.74219，差值百分比：-8.61%

错误节点分布: 4 节点 (0, 2, 3, 4)
文件1数据：2.14062，文件2数据：1.75，差值百分比：-18.25%

错误节点分布: 4 节点 (0, 2, 3, 5)
文件1数据：2.11719，文件2数据：1.76172，差值百分比：-16.79%

错误节点分布: 4 节点 (0, 2, 3, 6)
文件1数据：2.15234，文件2数据：1.77344，差值百分比：-17.60%

错误节点分布: 4 节点 (0, 2, 3, 7)
文件1数据：2.12891，文件2数据：1.75，差值百分比：-17.80%

错误节点分布: 4 节点 (0, 2, 3, 8)
文件1数据：2.15625，文件2数据：1.75，差值百分比：-18.84%

错误节点分布: 4 节点 (0, 2, 3, 9)
文件1数据：2.17969，文件2数据：1.79688，差值百分比：-17.56%

错误节点分布: 4 节点 (0, 2, 3, 10)
文件1数据：2.12109，文件2数据：1.77344，差值百分比：-16.39%

错误节点分布: 4 节点 (0, 2, 3, 11)
文件1数据：2.10938，文件2数据：1.76172，差值百分比：-16.48%

错误节点分布: 4 节点 (0, 2, 3, 12)
文件1数据：2.10938，文件2数据：1.79688，差值百分比：-14.81%

错误节点分布: 4 节点 (0, 2, 3, 13)
文件1数据：2.13672，文件2数据：1.76172，差值百分比：-17.55%

错误节点分布: 4 节点 (0, 2, 4, 5)
文件1数据：1.88281，文件2数据：1.72656，差值百分比：-8.30%

错误节点分布: 4 节点 (0, 2, 4, 6)
文件1数据：1.9375，文件2数据：1.70703，差值百分比：-11.90%

错误节点分布: 4 节点 (0, 2, 4, 7)
文件1数据：1.86719，文件2数据：1.70312，差值百分比：-8.79%

错误节点分布: 4 节点 (0, 2, 4, 8)
文件1数据：1.98047，文件2数据：1.74219，差值百分比：-12.03%

错误节点分布: 4 节点 (0, 2, 4, 9)
文件1数据：1.96094，文件2数据：1.75，差值百分比：-10.76%

错误节点分布: 4 节点 (0, 2, 4, 10)
文件1数据：1.92969，文件2数据：1.71484，差值百分比：-11.13%

错误节点分布: 4 节点 (0, 2, 4, 11)
文件1数据：1.91797，文件2数据：1.71094，差值百分比：-10.79%

错误节点分布: 4 节点 (0, 2, 4, 12)
文件1数据：1.84766，文件2数据：1.71094，差值百分比：-7.40%

错误节点分布: 4 节点 (0, 2, 4, 13)
文件1数据：1.87109，文件2数据：1.72656，差值百分比：-7.72%

错误节点分布: 4 节点 (0, 2, 5, 6)
文件1数据：1.96484，文件2数据：1.73047，差值百分比：-11.93%

错误节点分布: 4 节点 (0, 2, 5, 7)
文件1数据：1.91406，文件2数据：1.71875，差值百分比：-10.20%

错误节点分布: 4 节点 (0, 2, 5, 8)
文件1数据：1.96484，文件2数据：1.76953，差值百分比：-9.94%

错误节点分布: 4 节点 (0, 2, 5, 9)
文件1数据：1.94141，文件2数据：1.73828，差值百分比：-10.46%

错误节点分布: 4 节点 (0, 2, 5, 10)
文件1数据：1.89453，文件2数据：1.73047，差值百分比：-8.66%

错误节点分布: 4 节点 (0, 2, 5, 11)
文件1数据：1.88281，文件2数据：1.71875，差值百分比：-8.71%

错误节点分布: 4 节点 (0, 2, 5, 12)
文件1数据：1.91016，文件2数据：1.73047，差值百分比：-9.41%

错误节点分布: 4 节点 (0, 2, 5, 13)
文件1数据：1.85547，文件2数据：1.71094，差值百分比：-7.79%

错误节点分布: 4 节点 (0, 2, 6, 7)
文件1数据：1.92188，文件2数据：1.73828，差值百分比：-9.55%

错误节点分布: 4 节点 (0, 2, 6, 8)
文件1数据：2.01172，文件2数据：1.73828，差值百分比：-13.59%

错误节点分布: 4 节点 (0, 2, 6, 9)
文件1数据：1.96094，文件2数据：1.73047，差值百分比：-11.75%

错误节点分布: 4 节点 (0, 2, 6, 10)
文件1数据：1.92969，文件2数据：1.72656，差值百分比：-10.53%

错误节点分布: 4 节点 (0, 2, 6, 11)
文件1数据：1.85938，文件2数据：1.70703，差值百分比：-8.19%

错误节点分布: 4 节点 (0, 2, 6, 12)
文件1数据：1.875，文件2数据：1.72656，差值百分比：-7.92%

错误节点分布: 4 节点 (0, 2, 6, 13)
文件1数据：1.875，文件2数据：1.72266，差值百分比：-8.12%

错误节点分布: 4 节点 (0, 2, 7, 8)
文件1数据：1.99609，文件2数据：1.74219，差值百分比：-12.72%

错误节点分布: 4 节点 (0, 2, 7, 9)
文件1数据：1.94531，文件2数据：1.73828，差值百分比：-10.64%

错误节点分布: 4 节点 (0, 2, 7, 10)
文件1数据：1.92188，文件2数据：1.73438，差值百分比：-9.76%

错误节点分布: 4 节点 (0, 2, 7, 11)
文件1数据：1.88672，文件2数据：1.71484，差值百分比：-9.11%

错误节点分布: 4 节点 (0, 2, 7, 12)
文件1数据：1.85938，文件2数据：1.73438，差值百分比：-6.72%

错误节点分布: 4 节点 (0, 2, 7, 13)
文件1数据：1.90234，文件2数据：1.70703，差值百分比：-10.27%

错误节点分布: 4 节点 (0, 2, 8, 9)
文件1数据：1.99609，文件2数据：1.72266，差值百分比：-13.70%

错误节点分布: 4 节点 (0, 2, 8, 10)
文件1数据：2.01562，文件2数据：1.75，差值百分比：-13.18%

错误节点分布: 4 节点 (0, 2, 8, 11)
文件1数据：1.96094，文件2数据：1.75，差值百分比：-10.76%

错误节点分布: 4 节点 (0, 2, 8, 12)
文件1数据：1.97656，文件2数据：1.75，差值百分比：-11.46%

错误节点分布: 4 节点 (0, 2, 8, 13)
文件1数据：2.00781，文件2数据：1.75，差值百分比：-12.84%

错误节点分布: 4 节点 (0, 2, 9, 10)
文件1数据：1.94922，文件2数据：1.75，差值百分比：-10.22%

错误节点分布: 4 节点 (0, 2, 9, 11)
文件1数据：1.98828，文件2数据：1.75，差值百分比：-11.98%

错误节点分布: 4 节点 (0, 2, 9, 12)
文件1数据：1.94922，文件2数据：1.75，差值百分比：-10.22%

错误节点分布: 4 节点 (0, 2, 9, 13)
文件1数据：1.99609，文件2数据：1.75，差值百分比：-12.33%

错误节点分布: 4 节点 (0, 2, 10, 11)
文件1数据：1.93359，文件2数据：1.71875，差值百分比：-11.11%

错误节点分布: 4 节点 (0, 2, 10, 12)
文件1数据：1.91797，文件2数据：1.71484，差值百分比：-10.59%

错误节点分布: 4 节点 (0, 2, 10, 13)
文件1数据：1.89453，文件2数据：1.71484，差值百分比：-9.48%

错误节点分布: 4 节点 (0, 2, 11, 12)
文件1数据：1.92188，文件2数据：1.70703，差值百分比：-11.18%

错误节点分布: 4 节点 (0, 2, 11, 13)
文件1数据：1.90625，文件2数据：1.70703，差值百分比：-10.45%

错误节点分布: 4 节点 (0, 2, 12, 13)
文件1数据：1.93359，文件2数据：1.71875，差值百分比：-11.11%

错误节点分布: 4 节点 (0, 3, 4, 5)
文件1数据：1.87109，文件2数据：1.71484，差值百分比：-8.35%

错误节点分布: 4 节点 (0, 3, 4, 6)
文件1数据：1.86719，文件2数据：1.71875，差值百分比：-7.95%

错误节点分布: 4 节点 (0, 3, 4, 7)
文件1数据：1.92578，文件2数据：1.72266，差值百分比：-10.55%

错误节点分布: 4 节点 (0, 3, 4, 8)
文件1数据：2.0，文件2数据：1.75，差值百分比：-12.50%

错误节点分布: 4 节点 (0, 3, 4, 9)
文件1数据：1.93359，文件2数据：1.75，差值百分比：-9.49%

错误节点分布: 4 节点 (0, 3, 4, 10)
文件1数据：1.91016，文件2数据：1.71094，差值百分比：-10.43%

错误节点分布: 4 节点 (0, 3, 4, 11)
文件1数据：1.91406，文件2数据：1.71484，差值百分比：-10.41%

错误节点分布: 4 节点 (0, 3, 4, 12)
文件1数据：1.88281，文件2数据：1.71875，差值百分比：-8.71%

错误节点分布: 4 节点 (0, 3, 4, 13)
文件1数据：1.87109，文件2数据：1.71484，差值百分比：-8.35%

错误节点分布: 4 节点 (0, 3, 5, 6)
文件1数据：1.90234，文件2数据：1.71094，差值百分比：-10.06%

错误节点分布: 4 节点 (0, 3, 5, 7)
文件1数据：1.85547，文件2数据：1.73047，差值百分比：-6.74%

错误节点分布: 4 节点 (0, 3, 5, 8)
文件1数据：1.96875，文件2数据：1.73828，差值百分比：-11.71%

错误节点分布: 4 节点 (0, 3, 5, 9)
文件1数据：2.0，文件2数据：1.76172，差值百分比：-11.91%

错误节点分布: 4 节点 (0, 3, 5, 10)
文件1数据：1.86328，文件2数据：1.71094，差值百分比：-8.18%

错误节点分布: 4 节点 (0, 3, 5, 11)
文件1数据：1.89844，文件2数据：1.70312，差值百分比：-10.29%

错误节点分布: 4 节点 (0, 3, 5, 12)
文件1数据：1.92578，文件2数据：1.71484，差值百分比：-10.95%

错误节点分布: 4 节点 (0, 3, 5, 13)
文件1数据：1.85547，文件2数据：1.71484，差值百分比：-7.58%

错误节点分布: 4 节点 (0, 3, 6, 7)
文件1数据：1.90234，文件2数据：1.71484，差值百分比：-9.86%

错误节点分布: 4 节点 (0, 3, 6, 8)
文件1数据：1.94531，文件2数据：1.75，差值百分比：-10.04%

错误节点分布: 4 节点 (0, 3, 6, 9)
文件1数据：1.99219，文件2数据：1.74219，差值百分比：-12.55%

错误节点分布: 4 节点 (0, 3, 6, 10)
文件1数据：1.92969，文件2数据：1.73047，差值百分比：-10.32%

错误节点分布: 4 节点 (0, 3, 6, 11)
文件1数据：1.95312，文件2数据：1.71094，差值百分比：-12.40%

错误节点分布: 4 节点 (0, 3, 6, 12)
文件1数据：1.91797，文件2数据：1.72656，差值百分比：-9.98%

错误节点分布: 4 节点 (0, 3, 6, 13)
文件1数据：1.91797，文件2数据：1.73828，差值百分比：-9.37%

错误节点分布: 4 节点 (0, 3, 7, 8)
文件1数据：1.92969，文件2数据：1.75391，差值百分比：-9.11%

错误节点分布: 4 节点 (0, 3, 7, 9)
文件1数据：1.96094，文件2数据：1.73828，差值百分比：-11.35%

错误节点分布: 4 节点 (0, 3, 7, 10)
文件1数据：1.85938，文件2数据：1.70703，差值百分比：-8.19%

错误节点分布: 4 节点 (0, 3, 7, 11)
文件1数据：1.83203，文件2数据：1.74219，差值百分比：-4.90%

错误节点分布: 4 节点 (0, 3, 7, 12)
文件1数据：1.89062，文件2数据：1.71094，差值百分比：-9.50%

错误节点分布: 4 节点 (0, 3, 7, 13)
文件1数据：1.87109，文件2数据：1.71484，差值百分比：-8.35%

错误节点分布: 4 节点 (0, 3, 8, 9)
文件1数据：1.97266，文件2数据：1.73047，差值百分比：-12.28%

错误节点分布: 4 节点 (0, 3, 8, 10)
文件1数据：1.90625，文件2数据：1.75，差值百分比：-8.20%

错误节点分布: 4 节点 (0, 3, 8, 11)
文件1数据：1.95703，文件2数据：1.75，差值百分比：-10.58%

错误节点分布: 4 节点 (0, 3, 8, 12)
文件1数据：1.99609，文件2数据：1.75，差值百分比：-12.33%

错误节点分布: 4 节点 (0, 3, 8, 13)
文件1数据：1.96484，文件2数据：1.75，差值百分比：-10.93%

错误节点分布: 4 节点 (0, 3, 9, 10)
文件1数据：2.0，文件2数据：1.75，差值百分比：-12.50%

错误节点分布: 4 节点 (0, 3, 9, 11)
文件1数据：1.98438，文件2数据：1.74609，差值百分比：-12.01%

错误节点分布: 4 节点 (0, 3, 9, 12)
文件1数据：1.91406，文件2数据：1.75，差值百分比：-8.57%

错误节点分布: 4 节点 (0, 3, 9, 13)
文件1数据：2.00391，文件2数据：1.74219，差值百分比：-13.06%

错误节点分布: 4 节点 (0, 3, 10, 11)
文件1数据：1.91797，文件2数据：1.71484，差值百分比：-10.59%

错误节点分布: 4 节点 (0, 3, 10, 12)
文件1数据：1.90234，文件2数据：1.73438，差值百分比：-8.83%

错误节点分布: 4 节点 (0, 3, 10, 13)
文件1数据：1.94922，文件2数据：1.71094，差值百分比：-12.22%

错误节点分布: 4 节点 (0, 3, 11, 12)
文件1数据：1.91016，文件2数据：1.73047，差值百分比：-9.41%

错误节点分布: 4 节点 (0, 3, 11, 13)
文件1数据：1.87109，文件2数据：1.69922，差值百分比：-9.19%

错误节点分布: 4 节点 (0, 3, 12, 13)
文件1数据：1.89062，文件2数据：1.70312，差值百分比：-9.92%

错误节点分布: 4 节点 (0, 4, 5, 6)
文件1数据：2.07812，文件2数据：1.75，差值百分比：-15.79%

错误节点分布: 4 节点 (0, 4, 5, 7)
文件1数据：2.07422，文件2数据：1.76172，差值百分比：-15.07%

错误节点分布: 4 节点 (0, 4, 5, 8)
文件1数据：1.94141，文件2数据：1.75781，差值百分比：-9.46%

错误节点分布: 4 节点 (0, 4, 5, 9)
文件1数据：1.92188，文件2数据：1.74609，差值百分比：-9.15%

错误节点分布: 4 节点 (0, 4, 5, 10)
文件1数据：1.88281，文件2数据：1.71875，差值百分比：-8.71%

错误节点分布: 4 节点 (0, 4, 5, 11)
文件1数据：1.90234，文件2数据：1.71484，差值百分比：-9.86%

错误节点分布: 4 节点 (0, 4, 5, 12)
文件1数据：1.92188，文件2数据：1.71484，差值百分比：-10.77%

错误节点分布: 4 节点 (0, 4, 5, 13)
文件1数据：1.89844，文件2数据：1.72266，差值百分比：-9.26%

错误节点分布: 4 节点 (0, 4, 6, 7)
文件1数据：2.07422，文件2数据：1.75，差值百分比：-15.63%

错误节点分布: 4 节点 (0, 4, 6, 8)
文件1数据：1.96094，文件2数据：1.73828，差值百分比：-11.35%

错误节点分布: 4 节点 (0, 4, 6, 9)
文件1数据：1.89453，文件2数据：1.75391，差值百分比：-7.42%

错误节点分布: 4 节点 (0, 4, 6, 10)
文件1数据：1.875，文件2数据：1.71094，差值百分比：-8.75%

错误节点分布: 4 节点 (0, 4, 6, 11)
文件1数据：1.84766，文件2数据：1.70703，差值百分比：-7.61%

错误节点分布: 4 节点 (0, 4, 6, 12)
文件1数据：1.89062，文件2数据：1.71484，差值百分比：-9.30%

错误节点分布: 4 节点 (0, 4, 6, 13)
文件1数据：1.91016，文件2数据：1.70703，差值百分比：-10.63%

错误节点分布: 4 节点 (0, 4, 7, 8)
文件1数据：1.89062，文件2数据：1.75，差值百分比：-7.44%

错误节点分布: 4 节点 (0, 4, 7, 9)
文件1数据：1.92969，文件2数据：1.74219，差值百分比：-9.72%

错误节点分布: 4 节点 (0, 4, 7, 10)
文件1数据：1.91016，文件2数据：1.72266，差值百分比：-9.82%

错误节点分布: 4 节点 (0, 4, 7, 11)
文件1数据：1.91016，文件2数据：1.70703，差值百分比：-10.63%

错误节点分布: 4 节点 (0, 4, 7, 12)
文件1数据：1.88672，文件2数据：1.70703，差值百分比：-9.52%

错误节点分布: 4 节点 (0, 4, 7, 13)
文件1数据：1.91016，文件2数据：1.70703，差值百分比：-10.63%

错误节点分布: 4 节点 (0, 4, 8, 9)
文件1数据：1.78906，文件2数据：1.64062，差值百分比：-8.30%

错误节点分布: 4 节点 (0, 4, 8, 10)
文件1数据：1.94531，文件2数据：1.80469，差值百分比：-7.23%

错误节点分布: 4 节点 (0, 4, 8, 11)
文件1数据：1.94141，文件2数据：1.78125，差值百分比：-8.25%

错误节点分布: 4 节点 (0, 4, 8, 12)
文件1数据：1.99219，文件2数据：1.78125，差值百分比：-10.59%

错误节点分布: 4 节点 (0, 4, 8, 13)
文件1数据：1.99609，文件2数据：1.78906，差值百分比：-10.37%

错误节点分布: 4 节点 (0, 4, 9, 10)
文件1数据：1.97266，文件2数据：1.78516，差值百分比：-9.50%

错误节点分布: 4 节点 (0, 4, 9, 11)
文件1数据：2.07422，文件2数据：1.84375，差值百分比：-11.11%

错误节点分布: 4 节点 (0, 4, 9, 12)
文件1数据：2.04688，文件2数据：1.8125，差值百分比：-11.45%

错误节点分布: 4 节点 (0, 4, 9, 13)
文件1数据：1.97266，文件2数据：1.78516，差值百分比：-9.50%

错误节点分布: 4 节点 (0, 4, 10, 11)
文件1数据：1.84766，文件2数据：1.71875，差值百分比：-6.98%

错误节点分布: 4 节点 (0, 4, 10, 12)
文件1数据：1.92578，文件2数据：1.72656，差值百分比：-10.34%

错误节点分布: 4 节点 (0, 4, 10, 13)
文件1数据：1.85938，文件2数据：1.72656，差值百分比：-7.14%

错误节点分布: 4 节点 (0, 4, 11, 12)
文件1数据：1.83984，文件2数据：1.73047，差值百分比：-5.94%

错误节点分布: 4 节点 (0, 4, 11, 13)
文件1数据：1.89844，文件2数据：1.73438，差值百分比：-8.64%

错误节点分布: 4 节点 (0, 4, 12, 13)
文件1数据：1.91797，文件2数据：1.70312，差值百分比：-11.20%

错误节点分布: 4 节点 (0, 5, 6, 7)
文件1数据：2.0625，文件2数据：1.75，差值百分比：-15.15%

错误节点分布: 4 节点 (0, 5, 6, 8)
文件1数据：1.91797，文件2数据：1.74219，差值百分比：-9.16%

错误节点分布: 4 节点 (0, 5, 6, 9)
文件1数据：1.93359，文件2数据：1.76562，差值百分比：-8.69%

错误节点分布: 4 节点 (0, 5, 6, 10)
文件1数据：1.84766，文件2数据：1.71875，差值百分比：-6.98%

错误节点分布: 4 节点 (0, 5, 6, 11)
文件1数据：1.84766，文件2数据：1.71094，差值百分比：-7.40%

错误节点分布: 4 节点 (0, 5, 6, 12)
文件1数据：1.87109，文件2数据：1.71094，差值百分比：-8.56%

错误节点分布: 4 节点 (0, 5, 6, 13)
文件1数据：1.90625，文件2数据：1.71094，差值百分比：-10.25%

错误节点分布: 4 节点 (0, 5, 7, 8)
文件1数据：1.9375，文件2数据：1.74219，差值百分比：-10.08%

错误节点分布: 4 节点 (0, 5, 7, 9)
文件1数据：1.91406，文件2数据：1.76562，差值百分比：-7.76%

错误节点分布: 4 节点 (0, 5, 7, 10)
文件1数据：1.87891，文件2数据：1.70703，差值百分比：-9.15%

错误节点分布: 4 节点 (0, 5, 7, 11)
文件1数据：1.92188，文件2数据：1.70703，差值百分比：-11.18%

错误节点分布: 4 节点 (0, 5, 7, 12)
文件1数据：1.85547，文件2数据：1.71094，差值百分比：-7.79%

错误节点分布: 4 节点 (0, 5, 7, 13)
文件1数据：1.90625，文件2数据：1.70703，差值百分比：-10.45%

错误节点分布: 4 节点 (0, 5, 8, 9)
文件1数据：1.73828，文件2数据：1.66016，差值百分比：-4.49%

错误节点分布: 4 节点 (0, 5, 8, 10)
文件1数据：1.98438，文件2数据：1.82031，差值百分比：-8.27%

错误节点分布: 4 节点 (0, 5, 8, 11)
文件1数据：2.04297，文件2数据：1.80469，差值百分比：-11.66%

错误节点分布: 4 节点 (0, 5, 8, 12)
文件1数据：1.93359，文件2数据：1.76953，差值百分比：-8.48%

错误节点分布: 4 节点 (0, 5, 8, 13)
文件1数据：1.98438，文件2数据：1.79297，差值百分比：-9.65%

错误节点分布: 4 节点 (0, 5, 9, 10)
文件1数据：2.04688，文件2数据：1.83984，差值百分比：-10.11%

错误节点分布: 4 节点 (0, 5, 9, 11)
文件1数据：1.93359，文件2数据：1.80078，差值百分比：-6.87%

错误节点分布: 4 节点 (0, 5, 9, 12)
文件1数据：2.00391，文件2数据：1.78906，差值百分比：-10.72%

错误节点分布: 4 节点 (0, 5, 9, 13)
文件1数据：2.04297，文件2数据：1.82812，差值百分比：-10.52%

错误节点分布: 4 节点 (0, 5, 10, 11)
文件1数据：1.88672，文件2数据：1.73438，差值百分比：-8.07%

错误节点分布: 4 节点 (0, 5, 10, 12)
文件1数据：1.90234，文件2数据：1.72266，差值百分比：-9.45%

错误节点分布: 4 节点 (0, 5, 10, 13)
文件1数据：1.88281，文件2数据：1.72266，差值百分比：-8.51%

错误节点分布: 4 节点 (0, 5, 11, 12)
文件1数据：1.87109，文件2数据：1.73828，差值百分比：-7.10%

错误节点分布: 4 节点 (0, 5, 11, 13)
文件1数据：1.91406，文件2数据：1.71875，差值百分比：-10.20%

错误节点分布: 4 节点 (0, 5, 12, 13)
文件1数据：1.88672，文件2数据：1.71484，差值百分比：-9.11%

错误节点分布: 4 节点 (0, 6, 7, 8)
文件1数据：1.9375，文件2数据：1.75，差值百分比：-9.68%

错误节点分布: 4 节点 (0, 6, 7, 9)
文件1数据：1.97656，文件2数据：1.73828，差值百分比：-12.06%

错误节点分布: 4 节点 (0, 6, 7, 10)
文件1数据：1.87891，文件2数据：1.70312，差值百分比：-9.36%

错误节点分布: 4 节点 (0, 6, 7, 11)
文件1数据：1.82422，文件2数据：1.72266，差值百分比：-5.57%

错误节点分布: 4 节点 (0, 6, 7, 12)
文件1数据：1.89062，文件2数据：1.71484，差值百分比：-9.30%

错误节点分布: 4 节点 (0, 6, 7, 13)
文件1数据：1.89453，文件2数据：1.72266，差值百分比：-9.07%

错误节点分布: 4 节点 (0, 6, 8, 9)
文件1数据：1.71875，文件2数据：1.63672，差值百分比：-4.77%

错误节点分布: 4 节点 (0, 6, 8, 10)
文件1数据：2.08984，文件2数据：1.79297，差值百分比：-14.21%

错误节点分布: 4 节点 (0, 6, 8, 11)
文件1数据：1.98828，文件2数据：1.8125，差值百分比：-8.84%

错误节点分布: 4 节点 (0, 6, 8, 12)
文件1数据：2.07031，文件2数据：1.86719，差值百分比：-9.81%

错误节点分布: 4 节点 (0, 6, 8, 13)
文件1数据：2.01172，文件2数据：1.81641，差值百分比：-9.71%

错误节点分布: 4 节点 (0, 6, 9, 10)
文件1数据：2.05469，文件2数据：1.83984，差值百分比：-10.46%

错误节点分布: 4 节点 (0, 6, 9, 11)
文件1数据：2.01562，文件2数据：1.8125，差值百分比：-10.08%

错误节点分布: 4 节点 (0, 6, 9, 12)
文件1数据：1.98438，文件2数据：1.82422，差值百分比：-8.07%

错误节点分布: 4 节点 (0, 6, 9, 13)
文件1数据：2.01953，文件2数据：1.80859，差值百分比：-10.45%

错误节点分布: 4 节点 (0, 6, 10, 11)
文件1数据：1.85938，文件2数据：1.71484，差值百分比：-7.77%

错误节点分布: 4 节点 (0, 6, 10, 12)
文件1数据：1.88281，文件2数据：1.71484，差值百分比：-8.92%

错误节点分布: 4 节点 (0, 6, 10, 13)
文件1数据：1.94141，文件2数据：1.72266，差值百分比：-11.27%

错误节点分布: 4 节点 (0, 6, 11, 12)
文件1数据：1.875，文件2数据：1.70312，差值百分比：-9.17%

错误节点分布: 4 节点 (0, 6, 11, 13)
文件1数据：1.83203，文件2数据：1.69531，差值百分比：-7.46%

错误节点分布: 4 节点 (0, 6, 12, 13)
文件1数据：1.87109，文件2数据：1.72656，差值百分比：-7.72%

错误节点分布: 4 节点 (0, 7, 8, 9)
文件1数据：1.80469，文件2数据：1.62109，差值百分比：-10.17%

错误节点分布: 4 节点 (0, 7, 8, 10)
文件1数据：1.94922，文件2数据：1.78516，差值百分比：-8.42%

错误节点分布: 4 节点 (0, 7, 8, 11)
文件1数据：2.08594，文件2数据：1.83203，差值百分比：-12.17%

错误节点分布: 4 节点 (0, 7, 8, 12)
文件1数据：1.97656，文件2数据：1.80469，差值百分比：-8.70%

错误节点分布: 4 节点 (0, 7, 8, 13)
文件1数据：2.03516，文件2数据：1.82031，差值百分比：-10.56%

错误节点分布: 4 节点 (0, 7, 9, 10)
文件1数据：2.02734，文件2数据：1.80078，差值百分比：-11.18%

错误节点分布: 4 节点 (0, 7, 9, 11)
文件1数据：2.00781，文件2数据：1.82422，差值百分比：-9.14%

错误节点分布: 4 节点 (0, 7, 9, 12)
文件1数据：1.99609，文件2数据：1.81641，差值百分比：-9.00%

错误节点分布: 4 节点 (0, 7, 9, 13)
文件1数据：1.98828，文件2数据：1.84766，差值百分比：-7.07%

错误节点分布: 4 节点 (0, 7, 10, 11)
文件1数据：1.87109，文件2数据：1.71875，差值百分比：-8.14%

错误节点分布: 4 节点 (0, 7, 10, 12)
文件1数据：1.94141，文件2数据：1.72266，差值百分比：-11.27%

错误节点分布: 4 节点 (0, 7, 10, 13)
文件1数据：1.89453，文件2数据：1.72266，差值百分比：-9.07%

错误节点分布: 4 节点 (0, 7, 11, 12)
文件1数据：1.88281，文件2数据：1.72656，差值百分比：-8.30%

错误节点分布: 4 节点 (0, 7, 11, 13)
文件1数据：1.875，文件2数据：1.72266，差值百分比：-8.12%

错误节点分布: 4 节点 (0, 7, 12, 13)
文件1数据：1.89453，文件2数据：1.70703，差值百分比：-9.90%

错误节点分布: 4 节点 (0, 8, 9, 10)
文件1数据：1.75781，文件2数据：1.66797，差值百分比：-5.11%

错误节点分布: 4 节点 (0, 8, 9, 11)
文件1数据：1.71484，文件2数据：1.65625，差值百分比：-3.42%

错误节点分布: 4 节点 (0, 8, 9, 12)
文件1数据：1.83594，文件2数据：1.65234，差值百分比：-10.00%

错误节点分布: 4 节点 (0, 8, 9, 13)
文件1数据：1.80859，文件2数据：1.64062，差值百分比：-9.29%

错误节点分布: 4 节点 (0, 8, 10, 11)
文件1数据：1.97266，文件2数据：1.76172，差值百分比：-10.69%

错误节点分布: 4 节点 (0, 8, 10, 12)
文件1数据：2.0，文件2数据：1.76172，差值百分比：-11.91%

错误节点分布: 4 节点 (0, 8, 10, 13)
文件1数据：1.91016，文件2数据：1.75391，差值百分比：-8.18%

错误节点分布: 4 节点 (0, 8, 11, 12)
文件1数据：1.99609，文件2数据：1.76172，差值百分比：-11.74%

错误节点分布: 4 节点 (0, 8, 11, 13)
文件1数据：1.97656，文件2数据：1.76172，差值百分比：-10.87%

错误节点分布: 4 节点 (0, 8, 12, 13)
文件1数据：2.03516，文件2数据：1.76562，差值百分比：-13.24%

错误节点分布: 4 节点 (0, 9, 10, 11)
文件1数据：1.97266，文件2数据：1.75，差值百分比：-11.29%

错误节点分布: 4 节点 (0, 9, 10, 12)
文件1数据：1.99609，文件2数据：1.75，差值百分比：-12.33%

错误节点分布: 4 节点 (0, 9, 10, 13)
文件1数据：1.99609，文件2数据：1.78516，差值百分比：-10.57%

错误节点分布: 4 节点 (0, 9, 11, 12)
文件1数据：1.98438，文件2数据：1.75391，差值百分比：-11.61%

错误节点分布: 4 节点 (0, 9, 11, 13)
文件1数据：1.91797，文件2数据：1.75781，差值百分比：-8.35%

错误节点分布: 4 节点 (0, 9, 12, 13)
文件1数据：1.91797，文件2数据：1.76562，差值百分比：-7.94%

错误节点分布: 4 节点 (0, 10, 11, 12)
文件1数据：2.0625，文件2数据：1.75，差值百分比：-15.15%

错误节点分布: 4 节点 (0, 10, 11, 13)
文件1数据：2.08594，文件2数据：1.75，差值百分比：-16.10%

错误节点分布: 4 节点 (0, 10, 12, 13)
文件1数据：2.08594，文件2数据：1.75，差值百分比：-16.10%

错误节点分布: 4 节点 (0, 11, 12, 13)
文件1数据：2.04688，文件2数据：1.75，差值百分比：-14.50%

错误节点分布: 4 节点 (1, 2, 3, 4)
文件1数据：2.125，文件2数据：1.76172，差值百分比：-17.10%

错误节点分布: 4 节点 (1, 2, 3, 5)
文件1数据：2.14062，文件2数据：1.75，差值百分比：-18.25%

错误节点分布: 4 节点 (1, 2, 3, 6)
文件1数据：2.13672，文件2数据：1.75，差值百分比：-18.10%

错误节点分布: 4 节点 (1, 2, 3, 7)
文件1数据：2.16797，文件2数据：1.77344，差值百分比：-18.20%

错误节点分布: 4 节点 (1, 2, 3, 8)
文件1数据：2.21484，文件2数据：1.75，差值百分比：-20.99%

错误节点分布: 4 节点 (1, 2, 3, 9)
文件1数据：2.16406，文件2数据：1.77344，差值百分比：-18.05%

错误节点分布: 4 节点 (1, 2, 3, 10)
文件1数据：2.16797，文件2数据：1.77344，差值百分比：-18.20%

错误节点分布: 4 节点 (1, 2, 3, 11)
文件1数据：2.13672，文件2数据：1.75，差值百分比：-18.10%

错误节点分布: 4 节点 (1, 2, 3, 12)
文件1数据：2.11719，文件2数据：1.76172，差值百分比：-16.79%

错误节点分布: 4 节点 (1, 2, 3, 13)
文件1数据：2.11328，文件2数据：1.77344，差值百分比：-16.08%

错误节点分布: 4 节点 (1, 2, 4, 5)
文件1数据：1.90234，文件2数据：1.73047，差值百分比：-9.03%

错误节点分布: 4 节点 (1, 2, 4, 6)
文件1数据：1.90234，文件2数据：1.73047，差值百分比：-9.03%

错误节点分布: 4 节点 (1, 2, 4, 7)
文件1数据：1.92969，文件2数据：1.71875，差值百分比：-10.93%

错误节点分布: 4 节点 (1, 2, 4, 8)
文件1数据：1.99609，文件2数据：1.74219，差值百分比：-12.72%

错误节点分布: 4 节点 (1, 2, 4, 9)
文件1数据：2.00781，文件2数据：1.75，差值百分比：-12.84%

错误节点分布: 4 节点 (1, 2, 4, 10)
文件1数据：1.92578，文件2数据：1.71094，差值百分比：-11.16%

错误节点分布: 4 节点 (1, 2, 4, 11)
文件1数据：1.85156，文件2数据：1.71094，差值百分比：-7.59%

错误节点分布: 4 节点 (1, 2, 4, 12)
文件1数据：1.92969，文件2数据：1.72266，差值百分比：-10.73%

错误节点分布: 4 节点 (1, 2, 4, 13)
文件1数据：1.91406，文件2数据：1.71875，差值百分比：-10.20%

错误节点分布: 4 节点 (1, 2, 5, 6)
文件1数据：1.87891，文件2数据：1.73438，差值百分比：-7.69%

错误节点分布: 4 节点 (1, 2, 5, 7)
文件1数据：1.84375，文件2数据：1.73047，差值百分比：-6.14%

错误节点分布: 4 节点 (1, 2, 5, 8)
文件1数据：1.96875，文件2数据：1.74609，差值百分比：-11.31%

错误节点分布: 4 节点 (1, 2, 5, 9)
文件1数据：1.96484，文件2数据：1.74609，差值百分比：-11.13%

错误节点分布: 4 节点 (1, 2, 5, 10)
文件1数据：1.91797，文件2数据：1.71875，差值百分比：-10.39%

错误节点分布: 4 节点 (1, 2, 5, 11)
文件1数据：1.91406，文件2数据：1.73828，差值百分比：-9.18%

错误节点分布: 4 节点 (1, 2, 5, 12)
文件1数据：1.87891，文件2数据：1.71875，差值百分比：-8.52%

错误节点分布: 4 节点 (1, 2, 5, 13)
文件1数据：1.89062，文件2数据：1.71875，差值百分比：-9.09%

错误节点分布: 4 节点 (1, 2, 6, 7)
文件1数据：1.87109，文件2数据：1.71875，差值百分比：-8.14%

错误节点分布: 4 节点 (1, 2, 6, 8)
文件1数据：1.94922，文件2数据：1.75，差值百分比：-10.22%

错误节点分布: 4 节点 (1, 2, 6, 9)
文件1数据：1.96484，文件2数据：1.74609，差值百分比：-11.13%

错误节点分布: 4 节点 (1, 2, 6, 10)
文件1数据：1.89062，文件2数据：1.71875，差值百分比：-9.09%

错误节点分布: 4 节点 (1, 2, 6, 11)
文件1数据：1.96484，文件2数据：1.71875，差值百分比：-12.52%

错误节点分布: 4 节点 (1, 2, 6, 12)
文件1数据：1.96094，文件2数据：1.71484，差值百分比：-12.55%

错误节点分布: 4 节点 (1, 2, 6, 13)
文件1数据：1.92578，文件2数据：1.74219，差值百分比：-9.53%

错误节点分布: 4 节点 (1, 2, 7, 8)
文件1数据：2.0，文件2数据：1.75391，差值百分比：-12.30%

错误节点分布: 4 节点 (1, 2, 7, 9)
文件1数据：1.99609，文件2数据：1.74609，差值百分比：-12.52%

错误节点分布: 4 节点 (1, 2, 7, 10)
文件1数据：1.85547，文件2数据：1.73047，差值百分比：-6.74%

错误节点分布: 4 节点 (1, 2, 7, 11)
文件1数据：1.96094，文件2数据：1.71484，差值百分比：-12.55%

错误节点分布: 4 节点 (1, 2, 7, 12)
文件1数据：1.89453，文件2数据：1.72266，差值百分比：-9.07%

错误节点分布: 4 节点 (1, 2, 7, 13)
文件1数据：1.94141，文件2数据：1.70703，差值百分比：-12.07%

错误节点分布: 4 节点 (1, 2, 8, 9)
文件1数据：1.90625，文件2数据：1.68359，差值百分比：-11.68%

错误节点分布: 4 节点 (1, 2, 8, 10)
文件1数据：1.96484，文件2数据：1.75，差值百分比：-10.93%

错误节点分布: 4 节点 (1, 2, 8, 11)
文件1数据：1.97266，文件2数据：1.76562，差值百分比：-10.50%

错误节点分布: 4 节点 (1, 2, 8, 12)
文件1数据：1.96484，文件2数据：1.75，差值百分比：-10.93%

错误节点分布: 4 节点 (1, 2, 8, 13)
文件1数据：1.98047，文件2数据：1.75，差值百分比：-11.64%

错误节点分布: 4 节点 (1, 2, 9, 10)
文件1数据：1.97266，文件2数据：1.75，差值百分比：-11.29%

错误节点分布: 4 节点 (1, 2, 9, 11)
文件1数据：1.96875，文件2数据：1.76562，差值百分比：-10.32%

错误节点分布: 4 节点 (1, 2, 9, 12)
文件1数据：1.97656，文件2数据：1.74609，差值百分比：-11.66%

错误节点分布: 4 节点 (1, 2, 9, 13)
文件1数据：1.98828，文件2数据：1.75，差值百分比：-11.98%

错误节点分布: 4 节点 (1, 2, 10, 11)
文件1数据：1.93359，文件2数据：1.70703，差值百分比：-11.72%

错误节点分布: 4 节点 (1, 2, 10, 12)
文件1数据：1.93359，文件2数据：1.75391，差值百分比：-9.29%

错误节点分布: 4 节点 (1, 2, 10, 13)
文件1数据：1.875，文件2数据：1.71094，差值百分比：-8.75%

错误节点分布: 4 节点 (1, 2, 11, 12)
文件1数据：1.97656，文件2数据：1.70703，差值百分比：-13.64%

错误节点分布: 4 节点 (1, 2, 11, 13)
文件1数据：1.94922，文件2数据：1.74609，差值百分比：-10.42%

错误节点分布: 4 节点 (1, 2, 12, 13)
文件1数据：1.97656，文件2数据：1.69922，差值百分比：-14.03%

错误节点分布: 4 节点 (1, 3, 4, 5)
文件1数据：1.86719，文件2数据：1.72656，差值百分比：-7.53%

错误节点分布: 4 节点 (1, 3, 4, 6)
文件1数据：1.875，文件2数据：1.71484，差值百分比：-8.54%

错误节点分布: 4 节点 (1, 3, 4, 7)
文件1数据：1.83984，文件2数据：1.71875，差值百分比：-6.58%

错误节点分布: 4 节点 (1, 3, 4, 8)
文件1数据：1.95312，文件2数据：1.73828，差值百分比：-11.00%

错误节点分布: 4 节点 (1, 3, 4, 9)
文件1数据：1.96094，文件2数据：1.74609，差值百分比：-10.96%

错误节点分布: 4 节点 (1, 3, 4, 10)
文件1数据：1.87891，文件2数据：1.72656，差值百分比：-8.11%

错误节点分布: 4 节点 (1, 3, 4, 11)
文件1数据：1.83594，文件2数据：1.70312，差值百分比：-7.23%

错误节点分布: 4 节点 (1, 3, 4, 12)
文件1数据：1.86328，文件2数据：1.72266，差值百分比：-7.55%

错误节点分布: 4 节点 (1, 3, 4, 13)
文件1数据：1.91016，文件2数据：1.73047，差值百分比：-9.41%

错误节点分布: 4 节点 (1, 3, 5, 6)
文件1数据：1.92578，文件2数据：1.73438，差值百分比：-9.94%

错误节点分布: 4 节点 (1, 3, 5, 7)
文件1数据：1.89844，文件2数据：1.71094，差值百分比：-9.88%

错误节点分布: 4 节点 (1, 3, 5, 8)
文件1数据：1.99219，文件2数据：1.73438，差值百分比：-12.94%

错误节点分布: 4 节点 (1, 3, 5, 9)
文件1数据：1.95312，文件2数据：1.75781，差值百分比：-10.00%

错误节点分布: 4 节点 (1, 3, 5, 10)
文件1数据：1.90234，文件2数据：1.71484，差值百分比：-9.86%

错误节点分布: 4 节点 (1, 3, 5, 11)
文件1数据：1.94531，文件2数据：1.71875，差值百分比：-11.65%

错误节点分布: 4 节点 (1, 3, 5, 12)
文件1数据：1.90625，文件2数据：1.70703，差值百分比：-10.45%

错误节点分布: 4 节点 (1, 3, 5, 13)
文件1数据：1.94141，文件2数据：1.73828，差值百分比：-10.46%

错误节点分布: 4 节点 (1, 3, 6, 7)
文件1数据：1.89844，文件2数据：1.73828，差值百分比：-8.44%

错误节点分布: 4 节点 (1, 3, 6, 8)
文件1数据：1.98828，文件2数据：1.73828，差值百分比：-12.57%

错误节点分布: 4 节点 (1, 3, 6, 9)
文件1数据：1.99219，文件2数据：1.73828，差值百分比：-12.75%

错误节点分布: 4 节点 (1, 3, 6, 10)
文件1数据：1.88672，文件2数据：1.71484，差值百分比：-9.11%

错误节点分布: 4 节点 (1, 3, 6, 11)
文件1数据：1.90234，文件2数据：1.71094，差值百分比：-10.06%

错误节点分布: 4 节点 (1, 3, 6, 12)
文件1数据：1.82422，文件2数据：1.73047，差值百分比：-5.14%

错误节点分布: 4 节点 (1, 3, 6, 13)
文件1数据：1.91016，文件2数据：1.71094，差值百分比：-10.43%

错误节点分布: 4 节点 (1, 3, 7, 8)
文件1数据：1.91797，文件2数据：1.74219，差值百分比：-9.16%

错误节点分布: 4 节点 (1, 3, 7, 9)
文件1数据：2.00391，文件2数据：1.75，差值百分比：-12.67%

错误节点分布: 4 节点 (1, 3, 7, 10)
文件1数据：1.89062，文件2数据：1.71875，差值百分比：-9.09%

错误节点分布: 4 节点 (1, 3, 7, 11)
文件1数据：1.91406，文件2数据：1.71875，差值百分比：-10.20%

错误节点分布: 4 节点 (1, 3, 7, 12)
文件1数据：1.88672，文件2数据：1.72266，差值百分比：-8.70%

错误节点分布: 4 节点 (1, 3, 7, 13)
文件1数据：1.88281，文件2数据：1.73047，差值百分比：-8.09%

错误节点分布: 4 节点 (1, 3, 8, 9)
文件1数据：1.98438，文件2数据：1.67969，差值百分比：-15.35%

错误节点分布: 4 节点 (1, 3, 8, 10)
文件1数据：1.94922，文件2数据：1.75，差值百分比：-10.22%

错误节点分布: 4 节点 (1, 3, 8, 11)
文件1数据：1.92969，文件2数据：1.74609，差值百分比：-9.51%

错误节点分布: 4 节点 (1, 3, 8, 12)
文件1数据：1.99219，文件2数据：1.76953，差值百分比：-11.18%

错误节点分布: 4 节点 (1, 3, 8, 13)
文件1数据：2.0，文件2数据：1.76172，差值百分比：-11.91%

错误节点分布: 4 节点 (1, 3, 9, 10)
文件1数据：1.96875，文件2数据：1.74609，差值百分比：-11.31%

错误节点分布: 4 节点 (1, 3, 9, 11)
文件1数据：1.95703，文件2数据：1.75，差值百分比：-10.58%

错误节点分布: 4 节点 (1, 3, 9, 12)
文件1数据：1.94922，文件2数据：1.75，差值百分比：-10.22%

错误节点分布: 4 节点 (1, 3, 9, 13)
文件1数据：1.93359，文件2数据：1.74609，差值百分比：-9.70%

错误节点分布: 4 节点 (1, 3, 10, 11)
文件1数据：1.82812，文件2数据：1.70312，差值百分比：-6.84%

错误节点分布: 4 节点 (1, 3, 10, 12)
文件1数据：1.92578，文件2数据：1.70312，差值百分比：-11.56%

错误节点分布: 4 节点 (1, 3, 10, 13)
文件1数据：1.89062，文件2数据：1.73047，差值百分比：-8.47%

错误节点分布: 4 节点 (1, 3, 11, 12)
文件1数据：1.91016，文件2数据：1.73438，差值百分比：-9.20%

错误节点分布: 4 节点 (1, 3, 11, 13)
文件1数据：1.92969，文件2数据：1.74219，差值百分比：-9.72%

错误节点分布: 4 节点 (1, 3, 12, 13)
文件1数据：1.92188，文件2数据：1.73047，差值百分比：-9.96%

错误节点分布: 4 节点 (1, 4, 5, 6)
文件1数据：2.06641，文件2数据：1.75，差值百分比：-15.31%

错误节点分布: 4 节点 (1, 4, 5, 7)
文件1数据：2.0625，文件2数据：1.75，差值百分比：-15.15%

错误节点分布: 4 节点 (1, 4, 5, 8)
文件1数据：1.99219，文件2数据：1.73438，差值百分比：-12.94%

错误节点分布: 4 节点 (1, 4, 5, 9)
文件1数据：1.91016，文件2数据：1.75，差值百分比：-8.38%

错误节点分布: 4 节点 (1, 4, 5, 10)
文件1数据：1.92578，文件2数据：1.71484，差值百分比：-10.95%

错误节点分布: 4 节点 (1, 4, 5, 11)
文件1数据：1.96484，文件2数据：1.72266，差值百分比：-12.33%

错误节点分布: 4 节点 (1, 4, 5, 12)
文件1数据：1.92188，文件2数据：1.70703，差值百分比：-11.18%

错误节点分布: 4 节点 (1, 4, 5, 13)
文件1数据：1.88281，文件2数据：1.71094，差值百分比：-9.13%

错误节点分布: 4 节点 (1, 4, 6, 7)
文件1数据：2.05469，文件2数据：1.75，差值百分比：-14.83%

错误节点分布: 4 节点 (1, 4, 6, 8)
文件1数据：1.96875，文件2数据：1.76953，差值百分比：-10.12%

错误节点分布: 4 节点 (1, 4, 6, 9)
文件1数据：1.92969，文件2数据：1.76172，差值百分比：-8.70%

错误节点分布: 4 节点 (1, 4, 6, 10)
文件1数据：1.90625，文件2数据：1.72656，差值百分比：-9.43%

错误节点分布: 4 节点 (1, 4, 6, 11)
文件1数据：1.95312，文件2数据：1.71875，差值百分比：-12.00%

错误节点分布: 4 节点 (1, 4, 6, 12)
文件1数据：1.82031，文件2数据：1.71484，差值百分比：-5.79%

错误节点分布: 4 节点 (1, 4, 6, 13)
文件1数据：1.95703，文件2数据：1.71094，差值百分比：-12.57%

错误节点分布: 4 节点 (1, 4, 7, 8)
文件1数据：1.94922，文件2数据：1.76172，差值百分比：-9.62%

错误节点分布: 4 节点 (1, 4, 7, 9)
文件1数据：1.93359，文件2数据：1.76172，差值百分比：-8.89%

错误节点分布: 4 节点 (1, 4, 7, 10)
文件1数据：1.92188，文件2数据：1.70703，差值百分比：-11.18%

错误节点分布: 4 节点 (1, 4, 7, 11)
文件1数据：1.91797，文件2数据：1.71875，差值百分比：-10.39%

错误节点分布: 4 节点 (1, 4, 7, 12)
文件1数据：1.88672，文件2数据：1.71484，差值百分比：-9.11%

错误节点分布: 4 节点 (1, 4, 7, 13)
文件1数据：1.91016，文件2数据：1.71484，差值百分比：-10.23%

错误节点分布: 4 节点 (1, 4, 8, 9)
文件1数据：1.76562，文件2数据：1.63672，差值百分比：-7.30%

错误节点分布: 4 节点 (1, 4, 8, 10)
文件1数据：1.96875，文件2数据：1.75391，差值百分比：-10.91%

错误节点分布: 4 节点 (1, 4, 8, 11)
文件1数据：2.0，文件2数据：1.78516，差值百分比：-10.74%

错误节点分布: 4 节点 (1, 4, 8, 12)
文件1数据：2.0625，文件2数据：1.84766，差值百分比：-10.42%

错误节点分布: 4 节点 (1, 4, 8, 13)
文件1数据：1.97656，文件2数据：1.78125，差值百分比：-9.88%

错误节点分布: 4 节点 (1, 4, 9, 10)
文件1数据：2.03906，文件2数据：1.80078，差值百分比：-11.69%

错误节点分布: 4 节点 (1, 4, 9, 11)
文件1数据：2.00781，文件2数据：1.80078，差值百分比：-10.31%

错误节点分布: 4 节点 (1, 4, 9, 12)
文件1数据：2.04297，文件2数据：1.82031，差值百分比：-10.90%

错误节点分布: 4 节点 (1, 4, 9, 13)
文件1数据：1.95703，文件2数据：1.77344，差值百分比：-9.38%

错误节点分布: 4 节点 (1, 4, 10, 11)
文件1数据：1.93359，文件2数据：1.71875，差值百分比：-11.11%

错误节点分布: 4 节点 (1, 4, 10, 12)
文件1数据：1.92969，文件2数据：1.71875，差值百分比：-10.93%

错误节点分布: 4 节点 (1, 4, 10, 13)
文件1数据：1.86328，文件2数据：1.69531，差值百分比：-9.01%

错误节点分布: 4 节点 (1, 4, 11, 12)
文件1数据：1.89844，文件2数据：1.72266，差值百分比：-9.26%

错误节点分布: 4 节点 (1, 4, 11, 13)
文件1数据：1.93359，文件2数据：1.73438，差值百分比：-10.30%

错误节点分布: 4 节点 (1, 4, 12, 13)
文件1数据：1.87891，文件2数据：1.70312，差值百分比：-9.36%

错误节点分布: 4 节点 (1, 5, 6, 7)
文件1数据：2.08203，文件2数据：1.75，差值百分比：-15.95%

错误节点分布: 4 节点 (1, 5, 6, 8)
文件1数据：1.97266，文件2数据：1.73828，差值百分比：-11.88%

错误节点分布: 4 节点 (1, 5, 6, 9)
文件1数据：2.00391，文件2数据：1.73438，差值百分比：-13.45%

错误节点分布: 4 节点 (1, 5, 6, 10)
文件1数据：1.83203，文件2数据：1.69531，差值百分比：-7.46%

错误节点分布: 4 节点 (1, 5, 6, 11)
文件1数据：1.86719，文件2数据：1.71875，差值百分比：-7.95%

错误节点分布: 4 节点 (1, 5, 6, 12)
文件1数据：1.91406，文件2数据：1.70703，差值百分比：-10.82%

错误节点分布: 4 节点 (1, 5, 6, 13)
文件1数据：1.86328，文件2数据：1.71094，差值百分比：-8.18%

错误节点分布: 4 节点 (1, 5, 7, 8)
文件1数据：1.91797，文件2数据：1.74609，差值百分比：-8.96%

错误节点分布: 4 节点 (1, 5, 7, 9)
文件1数据：1.90234，文件2数据：1.74219，差值百分比：-8.42%

错误节点分布: 4 节点 (1, 5, 7, 10)
文件1数据：1.90625，文件2数据：1.71875，差值百分比：-9.84%

错误节点分布: 4 节点 (1, 5, 7, 11)
文件1数据：1.91797，文件2数据：1.71484，差值百分比：-10.59%

错误节点分布: 4 节点 (1, 5, 7, 12)
文件1数据：1.83984，文件2数据：1.71875，差值百分比：-6.58%

错误节点分布: 4 节点 (1, 5, 7, 13)
文件1数据：1.96875，文件2数据：1.71094，差值百分比：-13.10%

错误节点分布: 4 节点 (1, 5, 8, 9)
文件1数据：1.73828，文件2数据：1.63281，差值百分比：-6.07%

错误节点分布: 4 节点 (1, 5, 8, 10)
文件1数据：2.04297，文件2数据：1.85938，差值百分比：-8.99%

错误节点分布: 4 节点 (1, 5, 8, 11)
文件1数据：2.03516，文件2数据：1.84766，差值百分比：-9.21%

错误节点分布: 4 节点 (1, 5, 8, 12)
文件1数据：2.05469，文件2数据：1.89062，差值百分比：-7.99%

错误节点分布: 4 节点 (1, 5, 8, 13)
文件1数据：1.95312，文件2数据：1.78125，差值百分比：-8.80%

错误节点分布: 4 节点 (1, 5, 9, 10)
文件1数据：2.00391，文件2数据：1.78516，差值百分比：-10.92%

错误节点分布: 4 节点 (1, 5, 9, 11)
文件1数据：1.98047，文件2数据：1.79688，差值百分比：-9.27%

错误节点分布: 4 节点 (1, 5, 9, 12)
文件1数据：2.07812，文件2数据：1.88672，差值百分比：-9.21%

错误节点分布: 4 节点 (1, 5, 9, 13)
文件1数据：2.08203，文件2数据：1.83594，差值百分比：-11.82%

错误节点分布: 4 节点 (1, 5, 10, 11)
文件1数据：1.90625，文件2数据：1.71875，差值百分比：-9.84%

错误节点分布: 4 节点 (1, 5, 10, 12)
文件1数据：1.90625，文件2数据：1.73047，差值百分比：-9.22%

错误节点分布: 4 节点 (1, 5, 10, 13)
文件1数据：1.89453，文件2数据：1.72266，差值百分比：-9.07%

错误节点分布: 4 节点 (1, 5, 11, 12)
文件1数据：1.86719，文件2数据：1.71875，差值百分比：-7.95%

错误节点分布: 4 节点 (1, 5, 11, 13)
文件1数据：1.89453，文件2数据：1.72266，差值百分比：-9.07%

错误节点分布: 4 节点 (1, 5, 12, 13)
文件1数据：1.88281，文件2数据：1.72266，差值百分比：-8.51%

错误节点分布: 4 节点 (1, 6, 7, 8)
文件1数据：1.92969，文件2数据：1.75781，差值百分比：-8.91%

错误节点分布: 4 节点 (1, 6, 7, 9)
文件1数据：1.96484，文件2数据：1.75，差值百分比：-10.93%

错误节点分布: 4 节点 (1, 6, 7, 10)
文件1数据：1.92578，文件2数据：1.71484，差值百分比：-10.95%

错误节点分布: 4 节点 (1, 6, 7, 11)
文件1数据：1.92188，文件2数据：1.71484，差值百分比：-10.77%

错误节点分布: 4 节点 (1, 6, 7, 12)
文件1数据：1.93359，文件2数据：1.71484，差值百分比：-11.31%

错误节点分布: 4 节点 (1, 6, 7, 13)
文件1数据：1.89062，文件2数据：1.71875，差值百分比：-9.09%

错误节点分布: 4 节点 (1, 6, 8, 9)
文件1数据：1.79297，文件2数据：1.62109，差值百分比：-9.59%

错误节点分布: 4 节点 (1, 6, 8, 10)
文件1数据：2.02734，文件2数据：1.80859，差值百分比：-10.79%

错误节点分布: 4 节点 (1, 6, 8, 11)
文件1数据：2.07812，文件2数据：1.89062，差值百分比：-9.02%

错误节点分布: 4 节点 (1, 6, 8, 12)
文件1数据：1.98047，文件2数据：1.78125，差值百分比：-10.06%

错误节点分布: 4 节点 (1, 6, 8, 13)
文件1数据：1.96875，文件2数据：1.77344，差值百分比：-9.92%

错误节点分布: 4 节点 (1, 6, 9, 10)
文件1数据：1.98438，文件2数据：1.82812，差值百分比：-7.87%

错误节点分布: 4 节点 (1, 6, 9, 11)
文件1数据：2.05469，文件2数据：1.86328，差值百分比：-9.32%

错误节点分布: 4 节点 (1, 6, 9, 12)
文件1数据：2.05859，文件2数据：1.8125，差值百分比：-11.95%

错误节点分布: 4 节点 (1, 6, 9, 13)
文件1数据：1.94922，文件2数据：1.76562，差值百分比：-9.42%

错误节点分布: 4 节点 (1, 6, 10, 11)
文件1数据：1.86719，文件2数据：1.73438，差值百分比：-7.11%

错误节点分布: 4 节点 (1, 6, 10, 12)
文件1数据：1.83984，文件2数据：1.73047，差值百分比：-5.94%

错误节点分布: 4 节点 (1, 6, 10, 13)
文件1数据：1.89453，文件2数据：1.70312，差值百分比：-10.10%

错误节点分布: 4 节点 (1, 6, 11, 12)
文件1数据：1.87109，文件2数据：1.73047，差值百分比：-7.52%

错误节点分布: 4 节点 (1, 6, 11, 13)
文件1数据：1.93359，文件2数据：1.70703，差值百分比：-11.72%

错误节点分布: 4 节点 (1, 6, 12, 13)
文件1数据：1.91797，文件2数据：1.70312，差值百分比：-11.20%

错误节点分布: 4 节点 (1, 7, 8, 9)
文件1数据：1.80859，文件2数据：1.64062，差值百分比：-9.29%

错误节点分布: 4 节点 (1, 7, 8, 10)
文件1数据：1.96094，文件2数据：1.77734，差值百分比：-9.36%

错误节点分布: 4 节点 (1, 7, 8, 11)
文件1数据：2.00391，文件2数据：1.79688，差值百分比：-10.33%

错误节点分布: 4 节点 (1, 7, 8, 12)
文件1数据：1.95312，文件2数据：1.74609，差值百分比：-10.60%

错误节点分布: 4 节点 (1, 7, 8, 13)
文件1数据：1.98047，文件2数据：1.79688，差值百分比：-9.27%

错误节点分布: 4 节点 (1, 7, 9, 10)
文件1数据：2.01562，文件2数据：1.84766，差值百分比：-8.33%

错误节点分布: 4 节点 (1, 7, 9, 11)
文件1数据：2.02344，文件2数据：1.84375，差值百分比：-8.88%

错误节点分布: 4 节点 (1, 7, 9, 12)
文件1数据：2.02734，文件2数据：1.82812，差值百分比：-9.83%

错误节点分布: 4 节点 (1, 7, 9, 13)
文件1数据：1.99219，文件2数据：1.78516，差值百分比：-10.39%

错误节点分布: 4 节点 (1, 7, 10, 11)
文件1数据：1.90234，文件2数据：1.72266，差值百分比：-9.45%

错误节点分布: 4 节点 (1, 7, 10, 12)
文件1数据：1.86719，文件2数据：1.73438，差值百分比：-7.11%

错误节点分布: 4 节点 (1, 7, 10, 13)
文件1数据：1.89453，文件2数据：1.71875，差值百分比：-9.28%

错误节点分布: 4 节点 (1, 7, 11, 12)
文件1数据：1.94922，文件2数据：1.70312，差值百分比：-12.63%

错误节点分布: 4 节点 (1, 7, 11, 13)
文件1数据：1.91406，文件2数据：1.73047，差值百分比：-9.59%

错误节点分布: 4 节点 (1, 7, 12, 13)
文件1数据：1.89062，文件2数据：1.73047，差值百分比：-8.47%

错误节点分布: 4 节点 (1, 8, 9, 10)
文件1数据：1.85156，文件2数据：1.63672，差值百分比：-11.60%

错误节点分布: 4 节点 (1, 8, 9, 11)
文件1数据：1.76953，文件2数据：1.625，差值百分比：-8.17%

错误节点分布: 4 节点 (1, 8, 9, 12)
文件1数据：1.73828，文件2数据：1.66797，差值百分比：-4.04%

错误节点分布: 4 节点 (1, 8, 9, 13)
文件1数据：1.80078，文件2数据：1.66406，差值百分比：-7.59%

错误节点分布: 4 节点 (1, 8, 10, 11)
文件1数据：1.9375，文件2数据：1.75781，差值百分比：-9.27%

错误节点分布: 4 节点 (1, 8, 10, 12)
文件1数据：1.96875，文件2数据：1.76562，差值百分比：-10.32%

错误节点分布: 4 节点 (1, 8, 10, 13)
文件1数据：1.91797，文件2数据：1.76172，差值百分比：-8.15%

错误节点分布: 4 节点 (1, 8, 11, 12)
文件1数据：1.98828，文件2数据：1.75，差值百分比：-11.98%

错误节点分布: 4 节点 (1, 8, 11, 13)
文件1数据：1.96875，文件2数据：1.75391，差值百分比：-10.91%

错误节点分布: 4 节点 (1, 8, 12, 13)
文件1数据：1.95312，文件2数据：1.75391，差值百分比：-10.20%

错误节点分布: 4 节点 (1, 9, 10, 11)
文件1数据：1.98047，文件2数据：1.78125，差值百分比：-10.06%

错误节点分布: 4 节点 (1, 9, 10, 12)
文件1数据：1.92969，文件2数据：1.76172，差值百分比：-8.70%

错误节点分布: 4 节点 (1, 9, 10, 13)
文件1数据：1.9375，文件2数据：1.74609，差值百分比：-9.88%

错误节点分布: 4 节点 (1, 9, 11, 12)
文件1数据：1.89453，文件2数据：1.75391，差值百分比：-7.42%

错误节点分布: 4 节点 (1, 9, 11, 13)
文件1数据：1.92969，文件2数据：1.76172，差值百分比：-8.70%

错误节点分布: 4 节点 (1, 9, 12, 13)
文件1数据：1.94141，文件2数据：1.75781，差值百分比：-9.46%

错误节点分布: 4 节点 (1, 10, 11, 12)
文件1数据：2.06641，文件2数据：1.75，差值百分比：-15.31%

错误节点分布: 4 节点 (1, 10, 11, 13)
文件1数据：2.07031，文件2数据：1.75，差值百分比：-15.47%

错误节点分布: 4 节点 (1, 10, 12, 13)
文件1数据：2.05859，文件2数据：1.75，差值百分比：-14.99%

错误节点分布: 4 节点 (1, 11, 12, 13)
文件1数据：2.04688，文件2数据：1.75，差值百分比：-14.50%

错误节点分布: 4 节点 (2, 3, 4, 5)
文件1数据：1.91016，文件2数据：1.72266，差值百分比：-9.82%

错误节点分布: 4 节点 (2, 3, 4, 6)
文件1数据：1.87891，文件2数据：1.71484，差值百分比：-8.73%

错误节点分布: 4 节点 (2, 3, 4, 7)
文件1数据：1.87891，文件2数据：1.73047，差值百分比：-7.90%

错误节点分布: 4 节点 (2, 3, 4, 8)
文件1数据：1.91016，文件2数据：1.75391，差值百分比：-8.18%

错误节点分布: 4 节点 (2, 3, 4, 9)
文件1数据：1.91406，文件2数据：1.74609，差值百分比：-8.78%

错误节点分布: 4 节点 (2, 3, 4, 10)
文件1数据：1.90625，文件2数据：1.71875，差值百分比：-9.84%

错误节点分布: 4 节点 (2, 3, 4, 11)
文件1数据：1.86328，文件2数据：1.71094，差值百分比：-8.18%

错误节点分布: 4 节点 (2, 3, 4, 12)
文件1数据：1.88281，文件2数据：1.72656，差值百分比：-8.30%

错误节点分布: 4 节点 (2, 3, 4, 13)
文件1数据：1.875，文件2数据：1.72266，差值百分比：-8.12%

错误节点分布: 4 节点 (2, 3, 5, 6)
文件1数据：1.85938，文件2数据：1.73047，差值百分比：-6.93%

错误节点分布: 4 节点 (2, 3, 5, 7)
文件1数据：1.86328，文件2数据：1.69922，差值百分比：-8.80%

错误节点分布: 4 节点 (2, 3, 5, 8)
文件1数据：1.9375，文件2数据：1.73828，差值百分比：-10.28%

错误节点分布: 4 节点 (2, 3, 5, 9)
文件1数据：1.92969，文件2数据：1.75391，差值百分比：-9.11%

错误节点分布: 4 节点 (2, 3, 5, 10)
文件1数据：1.86719，文件2数据：1.71875，差值百分比：-7.95%

错误节点分布: 4 节点 (2, 3, 5, 11)
文件1数据：1.86719，文件2数据：1.71484，差值百分比：-8.16%

错误节点分布: 4 节点 (2, 3, 5, 12)
文件1数据：1.85938，文件2数据：1.72266，差值百分比：-7.35%

错误节点分布: 4 节点 (2, 3, 5, 13)
文件1数据：1.90234，文件2数据：1.71484，差值百分比：-9.86%

错误节点分布: 4 节点 (2, 3, 6, 7)
文件1数据：1.89062，文件2数据：1.71875，差值百分比：-9.09%

错误节点分布: 4 节点 (2, 3, 6, 8)
文件1数据：1.98047，文件2数据：1.74609，差值百分比：-11.83%

错误节点分布: 4 节点 (2, 3, 6, 9)
文件1数据：1.96484，文件2数据：1.75，差值百分比：-10.93%

错误节点分布: 4 节点 (2, 3, 6, 10)
文件1数据：1.96094，文件2数据：1.71094，差值百分比：-12.75%

错误节点分布: 4 节点 (2, 3, 6, 11)
文件1数据：1.94531，文件2数据：1.71094，差值百分比：-12.05%

错误节点分布: 4 节点 (2, 3, 6, 12)
文件1数据：1.87891，文件2数据：1.71094，差值百分比：-8.94%

错误节点分布: 4 节点 (2, 3, 6, 13)
文件1数据：1.90625，文件2数据：1.71484，差值百分比：-10.04%

错误节点分布: 4 节点 (2, 3, 7, 8)
文件1数据：1.91406，文件2数据：1.74219，差值百分比：-8.98%

错误节点分布: 4 节点 (2, 3, 7, 9)
文件1数据：2.0，文件2数据：1.73828，差值百分比：-13.09%

错误节点分布: 4 节点 (2, 3, 7, 10)
文件1数据：1.89844，文件2数据：1.72656，差值百分比：-9.05%

错误节点分布: 4 节点 (2, 3, 7, 11)
文件1数据：1.85156，文件2数据：1.71875，差值百分比：-7.17%

错误节点分布: 4 节点 (2, 3, 7, 12)
文件1数据：1.88672，文件2数据：1.71094，差值百分比：-9.32%

错误节点分布: 4 节点 (2, 3, 7, 13)
文件1数据：1.92969，文件2数据：1.73438，差值百分比：-10.12%

错误节点分布: 4 节点 (2, 3, 8, 9)
文件1数据：2.04688，文件2数据：1.72656，差值百分比：-15.65%

错误节点分布: 4 节点 (2, 3, 8, 10)
文件1数据：1.97656，文件2数据：1.75，差值百分比：-11.46%

错误节点分布: 4 节点 (2, 3, 8, 11)
文件1数据：1.94141，文件2数据：1.75，差值百分比：-9.86%

错误节点分布: 4 节点 (2, 3, 8, 12)
文件1数据：1.93359，文件2数据：1.75，差值百分比：-9.49%

错误节点分布: 4 节点 (2, 3, 8, 13)
文件1数据：1.94922，文件2数据：1.75，差值百分比：-10.22%

错误节点分布: 4 节点 (2, 3, 9, 10)
文件1数据：1.94141，文件2数据：1.73828，差值百分比：-10.46%

错误节点分布: 4 节点 (2, 3, 9, 11)
文件1数据：1.95312，文件2数据：1.75，差值百分比：-10.40%

错误节点分布: 4 节点 (2, 3, 9, 12)
文件1数据：1.96094，文件2数据：1.75，差值百分比：-10.76%

错误节点分布: 4 节点 (2, 3, 9, 13)
文件1数据：2.01562，文件2数据：1.75，差值百分比：-13.18%

错误节点分布: 4 节点 (2, 3, 10, 11)
文件1数据：1.92578，文件2数据：1.70703，差值百分比：-11.36%

错误节点分布: 4 节点 (2, 3, 10, 12)
文件1数据：1.875，文件2数据：1.71094，差值百分比：-8.75%

错误节点分布: 4 节点 (2, 3, 10, 13)
文件1数据：1.96094，文件2数据：1.72266，差值百分比：-12.15%

错误节点分布: 4 节点 (2, 3, 11, 12)
文件1数据：1.91406，文件2数据：1.71484，差值百分比：-10.41%

错误节点分布: 4 节点 (2, 3, 11, 13)
文件1数据：1.83984，文件2数据：1.69531，差值百分比：-7.86%

错误节点分布: 4 节点 (2, 3, 12, 13)
文件1数据：1.88281，文件2数据：1.70312，差值百分比：-9.54%

错误节点分布: 4 节点 (2, 4, 5, 6)
文件1数据：2.09375，文件2数据：1.75，差值百分比：-16.42%

错误节点分布: 4 节点 (2, 4, 5, 7)
文件1数据：2.0625，文件2数据：1.75，差值百分比：-15.15%

错误节点分布: 4 节点 (2, 4, 5, 8)
文件1数据：1.96484，文件2数据：1.74609，差值百分比：-11.13%

错误节点分布: 4 节点 (2, 4, 5, 9)
文件1数据：1.99219，文件2数据：1.76172，差值百分比：-11.57%

错误节点分布: 4 节点 (2, 4, 5, 10)
文件1数据：1.84375，文件2数据：1.72656，差值百分比：-6.36%

错误节点分布: 4 节点 (2, 4, 5, 11)
文件1数据：1.90234，文件2数据：1.70703，差值百分比：-10.27%

错误节点分布: 4 节点 (2, 4, 5, 12)
文件1数据：1.86719，文件2数据：1.71094，差值百分比：-8.37%

错误节点分布: 4 节点 (2, 4, 5, 13)
文件1数据：1.875，文件2数据：1.71094，差值百分比：-8.75%

错误节点分布: 4 节点 (2, 4, 6, 7)
文件1数据：2.06641，文件2数据：1.75，差值百分比：-15.31%

错误节点分布: 4 节点 (2, 4, 6, 8)
文件1数据：1.90625，文件2数据：1.75781，差值百分比：-7.79%

错误节点分布: 4 节点 (2, 4, 6, 9)
文件1数据：1.95312，文件2数据：1.75，差值百分比：-10.40%

错误节点分布: 4 节点 (2, 4, 6, 10)
文件1数据：1.90625，文件2数据：1.70312，差值百分比：-10.66%

错误节点分布: 4 节点 (2, 4, 6, 11)
文件1数据：1.91016，文件2数据：1.71484，差值百分比：-10.23%

错误节点分布: 4 节点 (2, 4, 6, 12)
文件1数据：1.87109，文件2数据：1.71484，差值百分比：-8.35%

错误节点分布: 4 节点 (2, 4, 6, 13)
文件1数据：1.94531，文件2数据：1.71484，差值百分比：-11.85%

错误节点分布: 4 节点 (2, 4, 7, 8)
文件1数据：1.87891，文件2数据：1.75，差值百分比：-6.86%

错误节点分布: 4 节点 (2, 4, 7, 9)
文件1数据：1.93359，文件2数据：1.75，差值百分比：-9.49%

错误节点分布: 4 节点 (2, 4, 7, 10)
文件1数据：1.84766，文件2数据：1.71484，差值百分比：-7.19%

错误节点分布: 4 节点 (2, 4, 7, 11)
文件1数据：1.85938，文件2数据：1.70703，差值百分比：-8.19%

错误节点分布: 4 节点 (2, 4, 7, 12)
文件1数据：1.90625，文件2数据：1.71094，差值百分比：-10.25%

错误节点分布: 4 节点 (2, 4, 7, 13)
文件1数据：1.91797，文件2数据：1.71875，差值百分比：-10.39%

错误节点分布: 4 节点 (2, 4, 8, 9)
文件1数据：1.79297，文件2数据：1.64062，差值百分比：-8.50%

错误节点分布: 4 节点 (2, 4, 8, 10)
文件1数据：1.95312，文件2数据：1.78125，差值百分比：-8.80%

错误节点分布: 4 节点 (2, 4, 8, 11)
文件1数据：2.03516，文件2数据：1.78516，差值百分比：-12.28%

错误节点分布: 4 节点 (2, 4, 8, 12)
文件1数据：2.01562，文件2数据：1.8125，差值百分比：-10.08%

错误节点分布: 4 节点 (2, 4, 8, 13)
文件1数据：1.94531，文件2数据：1.77344，差值百分比：-8.84%

错误节点分布: 4 节点 (2, 4, 9, 10)
文件1数据：2.03906，文件2数据：1.86719，差值百分比：-8.43%

错误节点分布: 4 节点 (2, 4, 9, 11)
文件1数据：2.00781，文件2数据：1.80078，差值百分比：-10.31%

错误节点分布: 4 节点 (2, 4, 9, 12)
文件1数据：1.92578，文件2数据：1.80078，差值百分比：-6.49%

错误节点分布: 4 节点 (2, 4, 9, 13)
文件1数据：1.96484，文件2数据：1.76953，差值百分比：-9.94%

错误节点分布: 4 节点 (2, 4, 10, 11)
文件1数据：1.90625，文件2数据：1.71094，差值百分比：-10.25%

错误节点分布: 4 节点 (2, 4, 10, 12)
文件1数据：1.85547，文件2数据：1.72266，差值百分比：-7.16%

错误节点分布: 4 节点 (2, 4, 10, 13)
文件1数据：1.91797，文件2数据：1.71875，差值百分比：-10.39%

错误节点分布: 4 节点 (2, 4, 11, 12)
文件1数据：1.90625，文件2数据：1.71484，差值百分比：-10.04%

错误节点分布: 4 节点 (2, 4, 11, 13)
文件1数据：1.89453，文件2数据：1.71484，差值百分比：-9.48%

错误节点分布: 4 节点 (2, 4, 12, 13)
文件1数据：1.90625，文件2数据：1.70703，差值百分比：-10.45%

错误节点分布: 4 节点 (2, 5, 6, 7)
文件1数据：2.07422，文件2数据：1.75，差值百分比：-15.63%

错误节点分布: 4 节点 (2, 5, 6, 8)
文件1数据：1.92969，文件2数据：1.74219，差值百分比：-9.72%

错误节点分布: 4 节点 (2, 5, 6, 9)
文件1数据：1.89844，文件2数据：1.73828，差值百分比：-8.44%

错误节点分布: 4 节点 (2, 5, 6, 10)
文件1数据：1.89453，文件2数据：1.70703，差值百分比：-9.90%

错误节点分布: 4 节点 (2, 5, 6, 11)
文件1数据：1.83203，文件2数据：1.72266，差值百分比：-5.97%

错误节点分布: 4 节点 (2, 5, 6, 12)
文件1数据：1.90625，文件2数据：1.72266，差值百分比：-9.63%

错误节点分布: 4 节点 (2, 5, 6, 13)
文件1数据：1.91016，文件2数据：1.72266，差值百分比：-9.82%

错误节点分布: 4 节点 (2, 5, 7, 8)
文件1数据：1.94531，文件2数据：1.75，差值百分比：-10.04%

错误节点分布: 4 节点 (2, 5, 7, 9)
文件1数据：1.96094，文件2数据：1.74609，差值百分比：-10.96%

错误节点分布: 4 节点 (2, 5, 7, 10)
文件1数据：1.91016，文件2数据：1.70703，差值百分比：-10.63%

错误节点分布: 4 节点 (2, 5, 7, 11)
文件1数据：1.91797，文件2数据：1.71875，差值百分比：-10.39%

错误节点分布: 4 节点 (2, 5, 7, 12)
文件1数据：1.87109，文件2数据：1.71094，差值百分比：-8.56%

错误节点分布: 4 节点 (2, 5, 7, 13)
文件1数据：1.91797，文件2数据：1.72656，差值百分比：-9.98%

错误节点分布: 4 节点 (2, 5, 8, 9)
文件1数据：1.76172，文件2数据：1.64062，差值百分比：-6.87%

错误节点分布: 4 节点 (2, 5, 8, 10)
文件1数据：1.98828，文件2数据：1.80469，差值百分比：-9.23%

错误节点分布: 4 节点 (2, 5, 8, 11)
文件1数据：1.99609，文件2数据：1.81641，差值百分比：-9.00%

错误节点分布: 4 节点 (2, 5, 8, 12)
文件1数据：1.98438，文件2数据：1.80078，差值百分比：-9.25%

错误节点分布: 4 节点 (2, 5, 8, 13)
文件1数据：2.01562，文件2数据：1.8125，差值百分比：-10.08%

错误节点分布: 4 节点 (2, 5, 9, 10)
文件1数据：2.0625，文件2数据：1.81641，差值百分比：-11.93%

错误节点分布: 4 节点 (2, 5, 9, 11)
文件1数据：1.94922，文件2数据：1.78125，差值百分比：-8.62%

错误节点分布: 4 节点 (2, 5, 9, 12)
文件1数据：2.03906，文件2数据：1.82812，差值百分比：-10.34%

错误节点分布: 4 节点 (2, 5, 9, 13)
文件1数据：1.92969，文件2数据：1.76953，差值百分比：-8.30%

错误节点分布: 4 节点 (2, 5, 10, 11)
文件1数据：1.85938，文件2数据：1.71094，差值百分比：-7.98%

错误节点分布: 4 节点 (2, 5, 10, 12)
文件1数据：1.91016，文件2数据：1.71484，差值百分比：-10.23%

错误节点分布: 4 节点 (2, 5, 10, 13)
文件1数据：1.87891，文件2数据：1.75391，差值百分比：-6.65%

错误节点分布: 4 节点 (2, 5, 11, 12)
文件1数据：1.88672，文件2数据：1.72266，差值百分比：-8.70%

错误节点分布: 4 节点 (2, 5, 11, 13)
文件1数据：1.88281，文件2数据：1.71875，差值百分比：-8.71%

错误节点分布: 4 节点 (2, 5, 12, 13)
文件1数据：1.85547，文件2数据：1.69922，差值百分比：-8.42%

错误节点分布: 4 节点 (2, 6, 7, 8)
文件1数据：1.98828，文件2数据：1.75，差值百分比：-11.98%

错误节点分布: 4 节点 (2, 6, 7, 9)
文件1数据：1.88281，文件2数据：1.75391，差值百分比：-6.85%

错误节点分布: 4 节点 (2, 6, 7, 10)
文件1数据：1.89844，文件2数据：1.72266，差值百分比：-9.26%

错误节点分布: 4 节点 (2, 6, 7, 11)
文件1数据：1.83984，文件2数据：1.72656，差值百分比：-6.16%

错误节点分布: 4 节点 (2, 6, 7, 12)
文件1数据：1.90625，文件2数据：1.72266，差值百分比：-9.63%

错误节点分布: 4 节点 (2, 6, 7, 13)
文件1数据：1.86328，文件2数据：1.71875，差值百分比：-7.76%

错误节点分布: 4 节点 (2, 6, 8, 9)
文件1数据：1.77734，文件2数据：1.65625，差值百分比：-6.81%

错误节点分布: 4 节点 (2, 6, 8, 10)
文件1数据：2.01562，文件2数据：1.82422，差值百分比：-9.50%

错误节点分布: 4 节点 (2, 6, 8, 11)
文件1数据：1.97656，文件2数据：1.78516，差值百分比：-9.68%

错误节点分布: 4 节点 (2, 6, 8, 12)
文件1数据：1.97656，文件2数据：1.82422，差值百分比：-7.71%

错误节点分布: 4 节点 (2, 6, 8, 13)
文件1数据：1.98828，文件2数据：1.80469，差值百分比：-9.23%

错误节点分布: 4 节点 (2, 6, 9, 10)
文件1数据：2.01562，文件2数据：1.76562，差值百分比：-12.40%

错误节点分布: 4 节点 (2, 6, 9, 11)
文件1数据：1.98047，文件2数据：1.81641，差值百分比：-8.28%

错误节点分布: 4 节点 (2, 6, 9, 12)
文件1数据：2.0，文件2数据：1.78125，差值百分比：-10.94%

错误节点分布: 4 节点 (2, 6, 9, 13)
文件1数据：1.96875，文件2数据：1.79688，差值百分比：-8.73%

错误节点分布: 4 节点 (2, 6, 10, 11)
文件1数据：1.84375，文件2数据：1.71484，差值百分比：-6.99%

错误节点分布: 4 节点 (2, 6, 10, 12)
文件1数据：1.89062，文件2数据：1.71484，差值百分比：-9.30%

错误节点分布: 4 节点 (2, 6, 10, 13)
文件1数据：1.88281，文件2数据：1.73047，差值百分比：-8.09%

错误节点分布: 4 节点 (2, 6, 11, 12)
文件1数据：1.89844，文件2数据：1.71094，差值百分比：-9.88%

错误节点分布: 4 节点 (2, 6, 11, 13)
文件1数据：1.91406，文件2数据：1.75，差值百分比：-8.57%

错误节点分布: 4 节点 (2, 6, 12, 13)
文件1数据：1.85938，文件2数据：1.72656，差值百分比：-7.14%

错误节点分布: 4 节点 (2, 7, 8, 9)
文件1数据：1.80469，文件2数据：1.61719，差值百分比：-10.39%

错误节点分布: 4 节点 (2, 7, 8, 10)
文件1数据：1.99219，文件2数据：1.80859，差值百分比：-9.22%

错误节点分布: 4 节点 (2, 7, 8, 11)
文件1数据：2.05078，文件2数据：1.82031，差值百分比：-11.24%

错误节点分布: 4 节点 (2, 7, 8, 12)
文件1数据：1.98047，文件2数据：1.79688，差值百分比：-9.27%

错误节点分布: 4 节点 (2, 7, 8, 13)
文件1数据：2.0，文件2数据：1.79688，差值百分比：-10.16%

错误节点分布: 4 节点 (2, 7, 9, 10)
文件1数据：2.00391，文件2数据：1.78906，差值百分比：-10.72%

错误节点分布: 4 节点 (2, 7, 9, 11)
文件1数据：1.97266，文件2数据：1.80078，差值百分比：-8.71%

错误节点分布: 4 节点 (2, 7, 9, 12)
文件1数据：1.94531，文件2数据：1.77344，差值百分比：-8.84%

错误节点分布: 4 节点 (2, 7, 9, 13)
文件1数据：2.01953，文件2数据：1.80469，差值百分比：-10.64%

错误节点分布: 4 节点 (2, 7, 10, 11)
文件1数据：1.9375，文件2数据：1.70703，差值百分比：-11.90%

错误节点分布: 4 节点 (2, 7, 10, 12)
文件1数据：1.92578，文件2数据：1.69531，差值百分比：-11.97%

错误节点分布: 4 节点 (2, 7, 10, 13)
文件1数据：1.91406，文件2数据：1.71875，差值百分比：-10.20%

错误节点分布: 4 节点 (2, 7, 11, 12)
文件1数据：1.86328，文件2数据：1.71094，差值百分比：-8.18%

错误节点分布: 4 节点 (2, 7, 11, 13)
文件1数据：1.89453，文件2数据：1.71875，差值百分比：-9.28%

错误节点分布: 4 节点 (2, 7, 12, 13)
文件1数据：1.84766，文件2数据：1.71875，差值百分比：-6.98%

错误节点分布: 4 节点 (2, 8, 9, 10)
文件1数据：1.80469，文件2数据：1.65234，差值百分比：-8.44%

错误节点分布: 4 节点 (2, 8, 9, 11)
文件1数据：1.73047，文件2数据：1.63281，差值百分比：-5.64%

错误节点分布: 4 节点 (2, 8, 9, 12)
文件1数据：1.82031，文件2数据：1.66016，差值百分比：-8.80%

错误节点分布: 4 节点 (2, 8, 9, 13)
文件1数据：1.84375，文件2数据：1.69141，差值百分比：-8.26%

错误节点分布: 4 节点 (2, 8, 10, 11)
文件1数据：1.94141，文件2数据：1.76172，差值百分比：-9.26%

错误节点分布: 4 节点 (2, 8, 10, 12)
文件1数据：1.99219，文件2数据：1.76562，差值百分比：-11.37%

错误节点分布: 4 节点 (2, 8, 10, 13)
文件1数据：1.95312，文件2数据：1.75781，差值百分比：-10.00%

错误节点分布: 4 节点 (2, 8, 11, 12)
文件1数据：1.98438，文件2数据：1.75781，差值百分比：-11.42%

错误节点分布: 4 节点 (2, 8, 11, 13)
文件1数据：2.0，文件2数据：1.76172，差值百分比：-11.91%

错误节点分布: 4 节点 (2, 8, 12, 13)
文件1数据：1.98047，文件2数据：1.75，差值百分比：-11.64%

错误节点分布: 4 节点 (2, 9, 10, 11)
文件1数据：1.99219，文件2数据：1.78906，差值百分比：-10.20%

错误节点分布: 4 节点 (2, 9, 10, 12)
文件1数据：1.94531，文件2数据：1.75，差值百分比：-10.04%

错误节点分布: 4 节点 (2, 9, 10, 13)
文件1数据：1.94922，文件2数据：1.75391，差值百分比：-10.02%

错误节点分布: 4 节点 (2, 9, 11, 12)
文件1数据：1.91797，文件2数据：1.76953，差值百分比：-7.74%

错误节点分布: 4 节点 (2, 9, 11, 13)
文件1数据：1.96484，文件2数据：1.75，差值百分比：-10.93%

错误节点分布: 4 节点 (2, 9, 12, 13)
文件1数据：1.93359，文件2数据：1.75391，差值百分比：-9.29%

错误节点分布: 4 节点 (2, 10, 11, 12)
文件1数据：2.07812，文件2数据：1.75，差值百分比：-15.79%

错误节点分布: 4 节点 (2, 10, 11, 13)
文件1数据：2.0625，文件2数据：1.75，差值百分比：-15.15%

错误节点分布: 4 节点 (2, 10, 12, 13)
文件1数据：2.02734，文件2数据：1.75，差值百分比：-13.68%

错误节点分布: 4 节点 (2, 11, 12, 13)
文件1数据：2.05859，文件2数据：1.75，差值百分比：-14.99%

错误节点分布: 4 节点 (3, 4, 5, 6)
文件1数据：2.07812，文件2数据：1.75，差值百分比：-15.79%

错误节点分布: 4 节点 (3, 4, 5, 7)
文件1数据：2.04688，文件2数据：1.75，差值百分比：-14.50%

错误节点分布: 4 节点 (3, 4, 5, 8)
文件1数据：1.95312，文件2数据：1.75391，差值百分比：-10.20%

错误节点分布: 4 节点 (3, 4, 5, 9)
文件1数据：1.91406，文件2数据：1.74609，差值百分比：-8.78%

错误节点分布: 4 节点 (3, 4, 5, 10)
文件1数据：1.92188，文件2数据：1.71094，差值百分比：-10.98%

错误节点分布: 4 节点 (3, 4, 5, 11)
文件1数据：1.9375，文件2数据：1.72656，差值百分比：-10.89%

错误节点分布: 4 节点 (3, 4, 5, 12)
文件1数据：1.91016，文件2数据：1.71094，差值百分比：-10.43%

错误节点分布: 4 节点 (3, 4, 5, 13)
文件1数据：1.91016，文件2数据：1.71484，差值百分比：-10.23%

错误节点分布: 4 节点 (3, 4, 6, 7)
文件1数据：2.0625，文件2数据：1.75，差值百分比：-15.15%

错误节点分布: 4 节点 (3, 4, 6, 8)
文件1数据：1.97266，文件2数据：1.75，差值百分比：-11.29%

错误节点分布: 4 节点 (3, 4, 6, 9)
文件1数据：1.91406，文件2数据：1.74219，差值百分比：-8.98%

错误节点分布: 4 节点 (3, 4, 6, 10)
文件1数据：1.88281，文件2数据：1.71484，差值百分比：-8.92%

错误节点分布: 4 节点 (3, 4, 6, 11)
文件1数据：1.86328，文件2数据：1.71875，差值百分比：-7.76%

错误节点分布: 4 节点 (3, 4, 6, 12)
文件1数据：1.91797，文件2数据：1.71094，差值百分比：-10.79%

错误节点分布: 4 节点 (3, 4, 6, 13)
文件1数据：1.875，文件2数据：1.71094，差值百分比：-8.75%

错误节点分布: 4 节点 (3, 4, 7, 8)
文件1数据：1.96094，文件2数据：1.76172，差值百分比：-10.16%

错误节点分布: 4 节点 (3, 4, 7, 9)
文件1数据：1.97266，文件2数据：1.77734，差值百分比：-9.90%

错误节点分布: 4 节点 (3, 4, 7, 10)
文件1数据：1.85156，文件2数据：1.71875，差值百分比：-7.17%

错误节点分布: 4 节点 (3, 4, 7, 11)
文件1数据：1.89062，文件2数据：1.70703，差值百分比：-9.71%

错误节点分布: 4 节点 (3, 4, 7, 12)
文件1数据：1.87109，文件2数据：1.71875，差值百分比：-8.14%

错误节点分布: 4 节点 (3, 4, 7, 13)
文件1数据：1.90234，文件2数据：1.71875，差值百分比：-9.65%

错误节点分布: 4 节点 (3, 4, 8, 9)
文件1数据：1.77734，文件2数据：1.64844，差值百分比：-7.25%

错误节点分布: 4 节点 (3, 4, 8, 10)
文件1数据：1.95703，文件2数据：1.76562，差值百分比：-9.78%

错误节点分布: 4 节点 (3, 4, 8, 11)
文件1数据：1.95312，文件2数据：1.78125，差值百分比：-8.80%

错误节点分布: 4 节点 (3, 4, 8, 12)
文件1数据：2.0，文件2数据：1.79688，差值百分比：-10.16%

错误节点分布: 4 节点 (3, 4, 8, 13)
文件1数据：1.96484，文件2数据：1.75391，差值百分比：-10.74%

错误节点分布: 4 节点 (3, 4, 9, 10)
文件1数据：2.00781，文件2数据：1.76953，差值百分比：-11.87%

错误节点分布: 4 节点 (3, 4, 9, 11)
文件1数据：2.03906，文件2数据：1.78516，差值百分比：-12.45%

错误节点分布: 4 节点 (3, 4, 9, 12)
文件1数据：2.03906，文件2数据：1.80078，差值百分比：-11.69%

错误节点分布: 4 节点 (3, 4, 9, 13)
文件1数据：2.01953，文件2数据：1.80859，差值百分比：-10.45%

错误节点分布: 4 节点 (3, 4, 10, 11)
文件1数据：1.90625，文件2数据：1.70312，差值百分比：-10.66%

错误节点分布: 4 节点 (3, 4, 10, 12)
文件1数据：1.875，文件2数据：1.71484，差值百分比：-8.54%

错误节点分布: 4 节点 (3, 4, 10, 13)
文件1数据：1.86328，文件2数据：1.71875，差值百分比：-7.76%

错误节点分布: 4 节点 (3, 4, 11, 12)
文件1数据：1.85938，文件2数据：1.71094，差值百分比：-7.98%

错误节点分布: 4 节点 (3, 4, 11, 13)
文件1数据：1.89844，文件2数据：1.72266，差值百分比：-9.26%

错误节点分布: 4 节点 (3, 4, 12, 13)
文件1数据：1.9375，文件2数据：1.71484，差值百分比：-11.49%

错误节点分布: 4 节点 (3, 5, 6, 7)
文件1数据：2.08594，文件2数据：1.75，差值百分比：-16.10%

错误节点分布: 4 节点 (3, 5, 6, 8)
文件1数据：2.00781，文件2数据：1.74219，差值百分比：-13.23%

错误节点分布: 4 节点 (3, 5, 6, 9)
文件1数据：1.97656，文件2数据：1.75391，差值百分比：-11.26%

错误节点分布: 4 节点 (3, 5, 6, 10)
文件1数据：1.90625，文件2数据：1.72656，差值百分比：-9.43%

错误节点分布: 4 节点 (3, 5, 6, 11)
文件1数据：1.85938，文件2数据：1.72266，差值百分比：-7.35%

错误节点分布: 4 节点 (3, 5, 6, 12)
文件1数据：1.90625，文件2数据：1.71484，差值百分比：-10.04%

错误节点分布: 4 节点 (3, 5, 6, 13)
文件1数据：1.89062，文件2数据：1.71875，差值百分比：-9.09%

错误节点分布: 4 节点 (3, 5, 7, 8)
文件1数据：1.91406，文件2数据：1.73828，差值百分比：-9.18%

错误节点分布: 4 节点 (3, 5, 7, 9)
文件1数据：1.93359，文件2数据：1.76172，差值百分比：-8.89%

错误节点分布: 4 节点 (3, 5, 7, 10)
文件1数据：1.94922，文件2数据：1.71094，差值百分比：-12.22%

错误节点分布: 4 节点 (3, 5, 7, 11)
文件1数据：1.92578，文件2数据：1.72266，差值百分比：-10.55%

错误节点分布: 4 节点 (3, 5, 7, 12)
文件1数据：1.92578，文件2数据：1.70703，差值百分比：-11.36%

错误节点分布: 4 节点 (3, 5, 7, 13)
文件1数据：1.875，文件2数据：1.70703，差值百分比：-8.96%

错误节点分布: 4 节点 (3, 5, 8, 9)
文件1数据：1.83984，文件2数据：1.62109，差值百分比：-11.89%

错误节点分布: 4 节点 (3, 5, 8, 10)
文件1数据：2.0，文件2数据：1.83984，差值百分比：-8.01%

错误节点分布: 4 节点 (3, 5, 8, 11)
文件1数据：2.00391，文件2数据：1.8125，差值百分比：-9.55%

错误节点分布: 4 节点 (3, 5, 8, 12)
文件1数据：2.15234，文件2数据：1.88281，差值百分比：-12.52%

错误节点分布: 4 节点 (3, 5, 8, 13)
文件1数据：1.97266，文件2数据：1.77734，差值百分比：-9.90%

错误节点分布: 4 节点 (3, 5, 9, 10)
文件1数据：2.01953，文件2数据：1.81641，差值百分比：-10.06%

错误节点分布: 4 节点 (3, 5, 9, 11)
文件1数据：1.93359，文件2数据：1.77344，差值百分比：-8.28%

错误节点分布: 4 节点 (3, 5, 9, 12)
文件1数据：2.07422，文件2数据：1.81641，差值百分比：-12.43%

错误节点分布: 4 节点 (3, 5, 9, 13)
文件1数据：2.0625，文件2数据：1.82031，差值百分比：-11.74%

错误节点分布: 4 节点 (3, 5, 10, 11)
文件1数据：1.91016，文件2数据：1.72656，差值百分比：-9.61%

错误节点分布: 4 节点 (3, 5, 10, 12)
文件1数据：1.92188，文件2数据：1.72266，差值百分比：-10.37%

错误节点分布: 4 节点 (3, 5, 10, 13)
文件1数据：1.95703，文件2数据：1.72656，差值百分比：-11.78%

错误节点分布: 4 节点 (3, 5, 11, 12)
文件1数据：1.91797，文件2数据：1.71875，差值百分比：-10.39%

错误节点分布: 4 节点 (3, 5, 11, 13)
文件1数据：1.89844，文件2数据：1.72266，差值百分比：-9.26%

错误节点分布: 4 节点 (3, 5, 12, 13)
文件1数据：1.875，文件2数据：1.71875，差值百分比：-8.33%

错误节点分布: 4 节点 (3, 6, 7, 8)
文件1数据：1.95703，文件2数据：1.75，差值百分比：-10.58%

错误节点分布: 4 节点 (3, 6, 7, 9)
文件1数据：2.00391，文件2数据：1.74609，差值百分比：-12.87%

错误节点分布: 4 节点 (3, 6, 7, 10)
文件1数据：1.88672，文件2数据：1.71875，差值百分比：-8.90%

错误节点分布: 4 节点 (3, 6, 7, 11)
文件1数据：1.83594，文件2数据：1.72266，差值百分比：-6.17%

错误节点分布: 4 节点 (3, 6, 7, 12)
文件1数据：1.92188，文件2数据：1.70703，差值百分比：-11.18%

错误节点分布: 4 节点 (3, 6, 7, 13)
文件1数据：1.85547，文件2数据：1.71484，差值百分比：-7.58%

错误节点分布: 4 节点 (3, 6, 8, 9)
文件1数据：1.73438，文件2数据：1.64453，差值百分比：-5.18%

错误节点分布: 4 节点 (3, 6, 8, 10)
文件1数据：1.94141，文件2数据：1.79688，差值百分比：-7.44%

错误节点分布: 4 节点 (3, 6, 8, 11)
文件1数据：1.96484，文件2数据：1.80078，差值百分比：-8.35%

错误节点分布: 4 节点 (3, 6, 8, 12)
文件1数据：2.05078，文件2数据：1.85938，差值百分比：-9.33%

错误节点分布: 4 节点 (3, 6, 8, 13)
文件1数据：1.96875，文件2数据：1.80078，差值百分比：-8.53%

错误节点分布: 4 节点 (3, 6, 9, 10)
文件1数据：2.03125，文件2数据：1.85156，差值百分比：-8.85%

错误节点分布: 4 节点 (3, 6, 9, 11)
文件1数据：2.04688，文件2数据：1.84766，差值百分比：-9.73%

错误节点分布: 4 节点 (3, 6, 9, 12)
文件1数据：1.99219，文件2数据：1.82812，差值百分比：-8.24%

错误节点分布: 4 节点 (3, 6, 9, 13)
文件1数据：2.00391，文件2数据：1.78906，差值百分比：-10.72%

错误节点分布: 4 节点 (3, 6, 10, 11)
文件1数据：1.96484，文件2数据：1.71875，差值百分比：-12.52%

错误节点分布: 4 节点 (3, 6, 10, 12)
文件1数据：1.86719，文件2数据：1.73438，差值百分比：-7.11%

错误节点分布: 4 节点 (3, 6, 10, 13)
文件1数据：1.84766，文件2数据：1.71875，差值百分比：-6.98%

错误节点分布: 4 节点 (3, 6, 11, 12)
文件1数据：1.91406，文件2数据：1.72266，差值百分比：-10.00%

错误节点分布: 4 节点 (3, 6, 11, 13)
文件1数据：1.88672，文件2数据：1.73047，差值百分比：-8.28%

错误节点分布: 4 节点 (3, 6, 12, 13)
文件1数据：1.89453，文件2数据：1.70312，差值百分比：-10.10%

错误节点分布: 4 节点 (3, 7, 8, 9)
文件1数据：1.74609，文件2数据：1.62891，差值百分比：-6.71%

错误节点分布: 4 节点 (3, 7, 8, 10)
文件1数据：1.96875，文件2数据：1.80078，差值百分比：-8.53%

错误节点分布: 4 节点 (3, 7, 8, 11)
文件1数据：1.97656，文件2数据：1.79688，差值百分比：-9.09%

错误节点分布: 4 节点 (3, 7, 8, 12)
文件1数据：1.97266，文件2数据：1.78516，差值百分比：-9.50%

错误节点分布: 4 节点 (3, 7, 8, 13)
文件1数据：1.94141，文件2数据：1.76953，差值百分比：-8.85%

错误节点分布: 4 节点 (3, 7, 9, 10)
文件1数据：2.00391，文件2数据：1.82422，差值百分比：-8.97%

错误节点分布: 4 节点 (3, 7, 9, 11)
文件1数据：2.01172，文件2数据：1.81641，差值百分比：-9.71%

错误节点分布: 4 节点 (3, 7, 9, 12)
文件1数据：2.00781，文件2数据：1.81641，差值百分比：-9.53%

错误节点分布: 4 节点 (3, 7, 9, 13)
文件1数据：1.98438，文件2数据：1.85547，差值百分比：-6.50%

错误节点分布: 4 节点 (3, 7, 10, 11)
文件1数据：1.85547，文件2数据：1.73438，差值百分比：-6.53%

错误节点分布: 4 节点 (3, 7, 10, 12)
文件1数据：1.87891，文件2数据：1.72656，差值百分比：-8.11%

错误节点分布: 4 节点 (3, 7, 10, 13)
文件1数据：1.84375，文件2数据：1.71875，差值百分比：-6.78%

错误节点分布: 4 节点 (3, 7, 11, 12)
文件1数据：1.83594，文件2数据：1.70312，差值百分比：-7.23%

错误节点分布: 4 节点 (3, 7, 11, 13)
文件1数据：1.90625，文件2数据：1.71094，差值百分比：-10.25%

错误节点分布: 4 节点 (3, 7, 12, 13)
文件1数据：1.90625，文件2数据：1.74609，差值百分比：-8.40%

错误节点分布: 4 节点 (3, 8, 9, 10)
文件1数据：1.81641，文件2数据：1.65625，差值百分比：-8.82%

错误节点分布: 4 节点 (3, 8, 9, 11)
文件1数据：1.72266，文件2数据：1.65625，差值百分比：-3.86%

错误节点分布: 4 节点 (3, 8, 9, 12)
文件1数据：1.82031，文件2数据：1.67578，差值百分比：-7.94%

错误节点分布: 4 节点 (3, 8, 9, 13)
文件1数据：1.79297，文件2数据：1.6875，差值百分比：-5.88%

错误节点分布: 4 节点 (3, 8, 10, 11)
文件1数据：1.96875，文件2数据：1.76953，差值百分比：-10.12%

错误节点分布: 4 节点 (3, 8, 10, 12)
文件1数据：1.97656，文件2数据：1.75391，差值百分比：-11.26%

错误节点分布: 4 节点 (3, 8, 10, 13)
文件1数据：1.88281，文件2数据：1.76172，差值百分比：-6.43%

错误节点分布: 4 节点 (3, 8, 11, 12)
文件1数据：1.98438，文件2数据：1.76953，差值百分比：-10.83%

错误节点分布: 4 节点 (3, 8, 11, 13)
文件1数据：2.0，文件2数据：1.74609，差值百分比：-12.70%

错误节点分布: 4 节点 (3, 8, 12, 13)
文件1数据：1.95703，文件2数据：1.75391，差值百分比：-10.38%

错误节点分布: 4 节点 (3, 9, 10, 11)
文件1数据：1.97656，文件2数据：1.76562，差值百分比：-10.67%

错误节点分布: 4 节点 (3, 9, 10, 12)
文件1数据：1.97656，文件2数据：1.77344，差值百分比：-10.28%

错误节点分布: 4 节点 (3, 9, 10, 13)
文件1数据：1.94922，文件2数据：1.77344，差值百分比：-9.02%

错误节点分布: 4 节点 (3, 9, 11, 12)
文件1数据：1.92578，文件2数据：1.76562，差值百分比：-8.32%

错误节点分布: 4 节点 (3, 9, 11, 13)
文件1数据：1.9375，文件2数据：1.77734，差值百分比：-8.27%

错误节点分布: 4 节点 (3, 9, 12, 13)
文件1数据：1.92969，文件2数据：1.76562，差值百分比：-8.50%

错误节点分布: 4 节点 (3, 10, 11, 12)
文件1数据：2.08594，文件2数据：1.75，差值百分比：-16.10%

错误节点分布: 4 节点 (3, 10, 11, 13)
文件1数据：2.04297，文件2数据：1.75，差值百分比：-14.34%

错误节点分布: 4 节点 (3, 10, 12, 13)
文件1数据：2.08594，文件2数据：1.75，差值百分比：-16.10%

错误节点分布: 4 节点 (3, 11, 12, 13)
文件1数据：2.08984，文件2数据：1.75，差值百分比：-16.26%

错误节点分布: 4 节点 (4, 5, 6, 7)
文件1数据：1.83594，文件2数据：1.73047，差值百分比：-5.74%

错误节点分布: 4 节点 (4, 5, 6, 8)
文件1数据：2.21094，文件2数据：1.75，差值百分比：-20.85%

错误节点分布: 4 节点 (4, 5, 6, 9)
文件1数据：2.23438，文件2数据：1.75，差值百分比：-21.68%

错误节点分布: 4 节点 (4, 5, 6, 10)
文件1数据：2.17188，文件2数据：1.75，差值百分比：-19.42%

错误节点分布: 4 节点 (4, 5, 6, 11)
文件1数据：2.15625，文件2数据：1.75，差值百分比：-18.84%

错误节点分布: 4 节点 (4, 5, 6, 12)
文件1数据：2.13281，文件2数据：1.75，差值百分比：-17.95%

错误节点分布: 4 节点 (4, 5, 6, 13)
文件1数据：2.17578，文件2数据：1.75，差值百分比：-19.57%

错误节点分布: 4 节点 (4, 5, 7, 8)
文件1数据：2.20703，文件2数据：1.75，差值百分比：-20.71%

错误节点分布: 4 节点 (4, 5, 7, 9)
文件1数据：2.17578，文件2数据：1.75，差值百分比：-19.57%

错误节点分布: 4 节点 (4, 5, 7, 10)
文件1数据：2.14844，文件2数据：1.75，差值百分比：-18.55%

错误节点分布: 4 节点 (4, 5, 7, 11)
文件1数据：2.15234，文件2数据：1.75，差值百分比：-18.69%

错误节点分布: 4 节点 (4, 5, 7, 12)
文件1数据：2.17969，文件2数据：1.75，差值百分比：-19.71%

错误节点分布: 4 节点 (4, 5, 7, 13)
文件1数据：2.14062，文件2数据：1.75，差值百分比：-18.25%

错误节点分布: 4 节点 (4, 5, 8, 9)
文件1数据：1.99609，文件2数据：1.70312，差值百分比：-14.68%

错误节点分布: 4 节点 (4, 5, 8, 10)
文件1数据：2.03125，文件2数据：1.76953，差值百分比：-12.88%

错误节点分布: 4 节点 (4, 5, 8, 11)
文件1数据：1.98828，文件2数据：1.75，差值百分比：-11.98%

错误节点分布: 4 节点 (4, 5, 8, 12)
文件1数据：2.0，文件2数据：1.75，差值百分比：-12.50%

错误节点分布: 4 节点 (4, 5, 8, 13)
文件1数据：1.98047，文件2数据：1.75，差值百分比：-11.64%

错误节点分布: 4 节点 (4, 5, 9, 10)
文件1数据：1.94141，文件2数据：1.74609，差值百分比：-10.06%

错误节点分布: 4 节点 (4, 5, 9, 11)
文件1数据：1.96484，文件2数据：1.75781，差值百分比：-10.54%

错误节点分布: 4 节点 (4, 5, 9, 12)
文件1数据：1.96875，文件2数据：1.75，差值百分比：-11.11%

错误节点分布: 4 节点 (4, 5, 9, 13)
文件1数据：1.95312，文件2数据：1.74609，差值百分比：-10.60%

错误节点分布: 4 节点 (4, 5, 10, 11)
文件1数据：1.92578，文件2数据：1.70312，差值百分比：-11.56%

错误节点分布: 4 节点 (4, 5, 10, 12)
文件1数据：1.90234，文件2数据：1.70312，差值百分比：-10.47%

错误节点分布: 4 节点 (4, 5, 10, 13)
文件1数据：1.86719，文件2数据：1.69922，差值百分比：-9.00%

错误节点分布: 4 节点 (4, 5, 11, 12)
文件1数据：1.92578，文件2数据：1.73047，差值百分比：-10.14%

错误节点分布: 4 节点 (4, 5, 11, 13)
文件1数据：1.86719，文件2数据：1.69141，差值百分比：-9.41%

错误节点分布: 4 节点 (4, 5, 12, 13)
文件1数据：1.92188，文件2数据：1.69922，差值百分比：-11.59%

错误节点分布: 4 节点 (4, 6, 7, 8)
文件1数据：2.21094，文件2数据：1.75，差值百分比：-20.85%

错误节点分布: 4 节点 (4, 6, 7, 9)
文件1数据：2.19141，文件2数据：1.75，差值百分比：-20.14%

错误节点分布: 4 节点 (4, 6, 7, 10)
文件1数据：2.16016，文件2数据：1.75，差值百分比：-18.99%

错误节点分布: 4 节点 (4, 6, 7, 11)
文件1数据：2.11719，文件2数据：1.75，差值百分比：-17.34%

错误节点分布: 4 节点 (4, 6, 7, 12)
文件1数据：2.18359，文件2数据：1.75，差值百分比：-19.86%

错误节点分布: 4 节点 (4, 6, 7, 13)
文件1数据：2.17188，文件2数据：1.75，差值百分比：-19.42%

错误节点分布: 4 节点 (4, 6, 8, 9)
文件1数据：1.97656，文件2数据：1.67188，差值百分比：-15.41%

错误节点分布: 4 节点 (4, 6, 8, 10)
文件1数据：1.96484，文件2数据：1.75，差值百分比：-10.93%

错误节点分布: 4 节点 (4, 6, 8, 11)
文件1数据：1.9375，文件2数据：1.75，差值百分比：-9.68%

错误节点分布: 4 节点 (4, 6, 8, 12)
文件1数据：1.91797，文件2数据：1.75，差值百分比：-8.76%

错误节点分布: 4 节点 (4, 6, 8, 13)
文件1数据：1.98828，文件2数据：1.75，差值百分比：-11.98%

错误节点分布: 4 节点 (4, 6, 9, 10)
文件1数据：1.95703，文件2数据：1.75，差值百分比：-10.58%

错误节点分布: 4 节点 (4, 6, 9, 11)
文件1数据：1.97656，文件2数据：1.74609，差值百分比：-11.66%

错误节点分布: 4 节点 (4, 6, 9, 12)
文件1数据：1.92188，文件2数据：1.74609，差值百分比：-9.15%

错误节点分布: 4 节点 (4, 6, 9, 13)
文件1数据：1.95703，文件2数据：1.74609，差值百分比：-10.78%

错误节点分布: 4 节点 (4, 6, 10, 11)
文件1数据：1.94922，文件2数据：1.71094，差值百分比：-12.22%

错误节点分布: 4 节点 (4, 6, 10, 12)
文件1数据：1.91406，文件2数据：1.70703，差值百分比：-10.82%

错误节点分布: 4 节点 (4, 6, 10, 13)
文件1数据：1.88672，文件2数据：1.70703，差值百分比：-9.52%

错误节点分布: 4 节点 (4, 6, 11, 12)
文件1数据：1.88281，文件2数据：1.69531，差值百分比：-9.96%

错误节点分布: 4 节点 (4, 6, 11, 13)
文件1数据：1.89453，文件2数据：1.73438，差值百分比：-8.45%

错误节点分布: 4 节点 (4, 6, 12, 13)
文件1数据：1.91797，文件2数据：1.69922，差值百分比：-11.41%

错误节点分布: 4 节点 (4, 7, 8, 9)
文件1数据：2.08594，文件2数据：1.71484，差值百分比：-17.79%

错误节点分布: 4 节点 (4, 7, 8, 10)
文件1数据：1.98438，文件2数据：1.74609，差值百分比：-12.01%

错误节点分布: 4 节点 (4, 7, 8, 11)
文件1数据：1.97266，文件2数据：1.73828，差值百分比：-11.88%

错误节点分布: 4 节点 (4, 7, 8, 12)
文件1数据：1.97266，文件2数据：1.75391，差值百分比：-11.09%

错误节点分布: 4 节点 (4, 7, 8, 13)
文件1数据：1.94922，文件2数据：1.73828，差值百分比：-10.82%

错误节点分布: 4 节点 (4, 7, 9, 10)
文件1数据：1.99609，文件2数据：1.74219，差值百分比：-12.72%

错误节点分布: 4 节点 (4, 7, 9, 11)
文件1数据：1.96094，文件2数据：1.75，差值百分比：-10.76%

错误节点分布: 4 节点 (4, 7, 9, 12)
文件1数据：1.95312，文件2数据：1.75，差值百分比：-10.40%

错误节点分布: 4 节点 (4, 7, 9, 13)
文件1数据：1.92188，文件2数据：1.75，差值百分比：-8.94%

错误节点分布: 4 节点 (4, 7, 10, 11)
文件1数据：1.91406，文件2数据：1.70703，差值百分比：-10.82%

错误节点分布: 4 节点 (4, 7, 10, 12)
文件1数据：1.86328，文件2数据：1.71484，差值百分比：-7.97%

错误节点分布: 4 节点 (4, 7, 10, 13)
文件1数据：1.89844，文件2数据：1.71094，差值百分比：-9.88%

错误节点分布: 4 节点 (4, 7, 11, 12)
文件1数据：1.91797，文件2数据：1.71484，差值百分比：-10.59%

错误节点分布: 4 节点 (4, 7, 11, 13)
文件1数据：1.88672，文件2数据：1.70703，差值百分比：-9.52%

错误节点分布: 4 节点 (4, 7, 12, 13)
文件1数据：1.90234，文件2数据：1.69531，差值百分比：-10.88%

错误节点分布: 4 节点 (4, 8, 9, 10)
文件1数据：1.75781，文件2数据：1.66016，差值百分比：-5.56%

错误节点分布: 4 节点 (4, 8, 9, 11)
文件1数据：1.75，文件2数据：1.65234，差值百分比：-5.58%

错误节点分布: 4 节点 (4, 8, 9, 12)
文件1数据：1.75，文件2数据：1.64844，差值百分比：-5.80%

错误节点分布: 4 节点 (4, 8, 9, 13)
文件1数据：1.72656，文件2数据：1.625，差值百分比：-5.88%

错误节点分布: 4 节点 (4, 8, 10, 11)
文件1数据：1.95703，文件2数据：1.74609，差值百分比：-10.78%

错误节点分布: 4 节点 (4, 8, 10, 12)
文件1数据：1.94141，文件2数据：1.73438，差值百分比：-10.66%

错误节点分布: 4 节点 (4, 8, 10, 13)
文件1数据：1.94922，文件2数据：1.74219，差值百分比：-10.62%

错误节点分布: 4 节点 (4, 8, 11, 12)
文件1数据：2.01562，文件2数据：1.75391，差值百分比：-12.98%

错误节点分布: 4 节点 (4, 8, 11, 13)
文件1数据：1.94922，文件2数据：1.74609，差值百分比：-10.42%

错误节点分布: 4 节点 (4, 8, 12, 13)
文件1数据：1.99609，文件2数据：1.75391，差值百分比：-12.13%

错误节点分布: 4 节点 (4, 9, 10, 11)
文件1数据：1.96484，文件2数据：1.76562，差值百分比：-10.14%

错误节点分布: 4 节点 (4, 9, 10, 12)
文件1数据：1.97656，文件2数据：1.75781，差值百分比：-11.07%

错误节点分布: 4 节点 (4, 9, 10, 13)
文件1数据：1.94531，文件2数据：1.76562，差值百分比：-9.24%

错误节点分布: 4 节点 (4, 9, 11, 12)
文件1数据：1.90625，文件2数据：1.77344，差值百分比：-6.97%

错误节点分布: 4 节点 (4, 9, 11, 13)
文件1数据：1.98438，文件2数据：1.76172，差值百分比：-11.22%

错误节点分布: 4 节点 (4, 9, 12, 13)
文件1数据：2.07422，文件2数据：1.78516，差值百分比：-13.94%

错误节点分布: 4 节点 (4, 10, 11, 12)
文件1数据：2.10156，文件2数据：1.75，差值百分比：-16.73%

错误节点分布: 4 节点 (4, 10, 11, 13)
文件1数据：2.06641，文件2数据：1.75，差值百分比：-15.31%

错误节点分布: 4 节点 (4, 10, 12, 13)
文件1数据：2.07031，文件2数据：1.75，差值百分比：-15.47%

错误节点分布: 4 节点 (4, 11, 12, 13)
文件1数据：2.08984，文件2数据：1.75，差值百分比：-16.26%

错误节点分布: 4 节点 (5, 6, 7, 8)
文件1数据：2.23438，文件2数据：1.75，差值百分比：-21.68%

错误节点分布: 4 节点 (5, 6, 7, 9)
文件1数据：2.23047，文件2数据：1.75，差值百分比：-21.54%

错误节点分布: 4 节点 (5, 6, 7, 10)
文件1数据：2.16016，文件2数据：1.75，差值百分比：-18.99%

错误节点分布: 4 节点 (5, 6, 7, 11)
文件1数据：2.16016，文件2数据：1.75，差值百分比：-18.99%

错误节点分布: 4 节点 (5, 6, 7, 12)
文件1数据：2.11328，文件2数据：1.75，差值百分比：-17.19%

错误节点分布: 4 节点 (5, 6, 7, 13)
文件1数据：2.14453，文件2数据：1.75，差值百分比：-18.40%

错误节点分布: 4 节点 (5, 6, 8, 9)
文件1数据：2.00391，文件2数据：1.67969，差值百分比：-16.18%

错误节点分布: 4 节点 (5, 6, 8, 10)
文件1数据：2.03125，文件2数据：1.74609，差值百分比：-14.04%

错误节点分布: 4 节点 (5, 6, 8, 11)
文件1数据：1.94531，文件2数据：1.74609，差值百分比：-10.24%

错误节点分布: 4 节点 (5, 6, 8, 12)
文件1数据：1.98047，文件2数据：1.74609，差值百分比：-11.83%

错误节点分布: 4 节点 (5, 6, 8, 13)
文件1数据：1.96484，文件2数据：1.74609，差值百分比：-11.13%

错误节点分布: 4 节点 (5, 6, 9, 10)
文件1数据：1.91797，文件2数据：1.74609，差值百分比：-8.96%

错误节点分布: 4 节点 (5, 6, 9, 11)
文件1数据：1.97656，文件2数据：1.75，差值百分比：-11.46%

错误节点分布: 4 节点 (5, 6, 9, 12)
文件1数据：1.94922，文件2数据：1.74609，差值百分比：-10.42%

错误节点分布: 4 节点 (5, 6, 9, 13)
文件1数据：1.95312，文件2数据：1.73828，差值百分比：-11.00%

错误节点分布: 4 节点 (5, 6, 10, 11)
文件1数据：1.83984，文件2数据：1.70312，差值百分比：-7.43%

错误节点分布: 4 节点 (5, 6, 10, 12)
文件1数据：1.85938，文件2数据：1.70312，差值百分比：-8.40%

错误节点分布: 4 节点 (5, 6, 10, 13)
文件1数据：1.84766，文件2数据：1.70312，差值百分比：-7.82%

错误节点分布: 4 节点 (5, 6, 11, 12)
文件1数据：1.87891，文件2数据：1.71094，差值百分比：-8.94%

错误节点分布: 4 节点 (5, 6, 11, 13)
文件1数据：1.86328，文件2数据：1.6875，差值百分比：-9.43%

错误节点分布: 4 节点 (5, 6, 12, 13)
文件1数据：1.89844，文件2数据：1.70703，差值百分比：-10.08%

错误节点分布: 4 节点 (5, 7, 8, 9)
文件1数据：1.99609，文件2数据：1.70703，差值百分比：-14.48%

错误节点分布: 4 节点 (5, 7, 8, 10)
文件1数据：2.00781，文件2数据：1.75，差值百分比：-12.84%

错误节点分布: 4 节点 (5, 7, 8, 11)
文件1数据：1.92578，文件2数据：1.75，差值百分比：-9.13%

错误节点分布: 4 节点 (5, 7, 8, 12)
文件1数据：1.94141，文件2数据：1.75，差值百分比：-9.86%

错误节点分布: 4 节点 (5, 7, 8, 13)
文件1数据：1.97656，文件2数据：1.75，差值百分比：-11.46%

错误节点分布: 4 节点 (5, 7, 9, 10)
文件1数据：1.96875，文件2数据：1.75，差值百分比：-11.11%

错误节点分布: 4 节点 (5, 7, 9, 11)
文件1数据：1.96484，文件2数据：1.75，差值百分比：-10.93%

错误节点分布: 4 节点 (5, 7, 9, 12)
文件1数据：1.9375，文件2数据：1.74219，差值百分比：-10.08%

错误节点分布: 4 节点 (5, 7, 9, 13)
文件1数据：1.95312，文件2数据：1.75，差值百分比：-10.40%

错误节点分布: 4 节点 (5, 7, 10, 11)
文件1数据：1.83984，文件2数据：1.70312，差值百分比：-7.43%

错误节点分布: 4 节点 (5, 7, 10, 12)
文件1数据：1.93359，文件2数据：1.70703，差值百分比：-11.72%

错误节点分布: 4 节点 (5, 7, 10, 13)
文件1数据：1.86328，文件2数据：1.69141，差值百分比：-9.22%

错误节点分布: 4 节点 (5, 7, 11, 12)
文件1数据：1.90625，文件2数据：1.69922，差值百分比：-10.86%

错误节点分布: 4 节点 (5, 7, 11, 13)
文件1数据：1.73438，文件2数据：1.69922，差值百分比：-2.03%

错误节点分布: 4 节点 (5, 7, 12, 13)
文件1数据：1.88672，文件2数据：1.70703，差值百分比：-9.52%

错误节点分布: 4 节点 (5, 8, 9, 10)
文件1数据：1.73047，文件2数据：1.61328，差值百分比：-6.77%

错误节点分布: 4 节点 (5, 8, 9, 11)
文件1数据：1.73047，文件2数据：1.67188，差值百分比：-3.39%

错误节点分布: 4 节点 (5, 8, 9, 12)
文件1数据：1.71094，文件2数据：1.65625，差值百分比：-3.20%

错误节点分布: 4 节点 (5, 8, 9, 13)
文件1数据：1.71484，文件2数据：1.625，差值百分比：-5.24%

错误节点分布: 4 节点 (5, 8, 10, 11)
文件1数据：1.89844，文件2数据：1.76562，差值百分比：-7.00%

错误节点分布: 4 节点 (5, 8, 10, 12)
文件1数据：1.96094，文件2数据：1.76172，差值百分比：-10.16%

错误节点分布: 4 节点 (5, 8, 10, 13)
文件1数据：1.94141，文件2数据：1.75781，差值百分比：-9.46%

错误节点分布: 4 节点 (5, 8, 11, 12)
文件1数据：1.91406，文件2数据：1.73828，差值百分比：-9.18%

错误节点分布: 4 节点 (5, 8, 11, 13)
文件1数据：1.89844，文件2数据：1.75391，差值百分比：-7.61%

错误节点分布: 4 节点 (5, 8, 12, 13)
文件1数据：1.95703，文件2数据：1.76562，差值百分比：-9.78%

错误节点分布: 4 节点 (5, 9, 10, 11)
文件1数据：1.97656，文件2数据：1.75，差值百分比：-11.46%

错误节点分布: 4 节点 (5, 9, 10, 12)
文件1数据：1.95703，文件2数据：1.74609，差值百分比：-10.78%

错误节点分布: 4 节点 (5, 9, 10, 13)
文件1数据：1.94531，文件2数据：1.75，差值百分比：-10.04%

错误节点分布: 4 节点 (5, 9, 11, 12)
文件1数据：1.96875，文件2数据：1.75391，差值百分比：-10.91%

错误节点分布: 4 节点 (5, 9, 11, 13)
文件1数据：1.99609，文件2数据：1.76562，差值百分比：-11.55%

错误节点分布: 4 节点 (5, 9, 12, 13)
文件1数据：1.92188，文件2数据：1.72656，差值百分比：-10.16%

错误节点分布: 4 节点 (5, 10, 11, 12)
文件1数据：2.08984，文件2数据：1.75，差值百分比：-16.26%

错误节点分布: 4 节点 (5, 10, 11, 13)
文件1数据：2.08984，文件2数据：1.75，差值百分比：-16.26%

错误节点分布: 4 节点 (5, 10, 12, 13)
文件1数据：2.08984，文件2数据：1.75，差值百分比：-16.26%

错误节点分布: 4 节点 (5, 11, 12, 13)
文件1数据：2.08594，文件2数据：1.75，差值百分比：-16.10%

错误节点分布: 4 节点 (6, 7, 8, 9)
文件1数据：1.92969，文件2数据：1.63281，差值百分比：-15.38%

错误节点分布: 4 节点 (6, 7, 8, 10)
文件1数据：2.0，文件2数据：1.75，差值百分比：-12.50%

错误节点分布: 4 节点 (6, 7, 8, 11)
文件1数据：1.95703，文件2数据：1.75，差值百分比：-10.58%

错误节点分布: 4 节点 (6, 7, 8, 12)
文件1数据：1.92969，文件2数据：1.73438，差值百分比：-10.12%

错误节点分布: 4 节点 (6, 7, 8, 13)
文件1数据：2.01172，文件2数据：1.76172，差值百分比：-12.43%

错误节点分布: 4 节点 (6, 7, 9, 10)
文件1数据：1.92188，文件2数据：1.75，差值百分比：-8.94%

错误节点分布: 4 节点 (6, 7, 9, 11)
文件1数据：1.95312，文件2数据：1.75，差值百分比：-10.40%

错误节点分布: 4 节点 (6, 7, 9, 12)
文件1数据：1.9375，文件2数据：1.74609，差值百分比：-9.88%

错误节点分布: 4 节点 (6, 7, 9, 13)
文件1数据：1.96094，文件2数据：1.73438，差值百分比：-11.55%

错误节点分布: 4 节点 (6, 7, 10, 11)
文件1数据：1.94922，文件2数据：1.70312，差值百分比：-12.63%

错误节点分布: 4 节点 (6, 7, 10, 12)
文件1数据：1.87891，文件2数据：1.69531，差值百分比：-9.77%

错误节点分布: 4 节点 (6, 7, 10, 13)
文件1数据：1.85938，文件2数据：1.70312，差值百分比：-8.40%

错误节点分布: 4 节点 (6, 7, 11, 12)
文件1数据：1.89453，文件2数据：1.70312，差值百分比：-10.10%

错误节点分布: 4 节点 (6, 7, 11, 13)
文件1数据：1.92969，文件2数据：1.72656，差值百分比：-10.53%

错误节点分布: 4 节点 (6, 7, 12, 13)
文件1数据：1.91797，文件2数据：1.69922，差值百分比：-11.41%

错误节点分布: 4 节点 (6, 8, 9, 10)
文件1数据：1.82812，文件2数据：1.64453，差值百分比：-10.04%

错误节点分布: 4 节点 (6, 8, 9, 11)
文件1数据：1.71484，文件2数据：1.64453，差值百分比：-4.10%

错误节点分布: 4 节点 (6, 8, 9, 12)
文件1数据：1.78906，文件2数据：1.67578，差值百分比：-6.33%

错误节点分布: 4 节点 (6, 8, 9, 13)
文件1数据：1.77734，文件2数据：1.67188，差值百分比：-5.93%

错误节点分布: 4 节点 (6, 8, 10, 11)
文件1数据：1.91797，文件2数据：1.75，差值百分比：-8.76%

错误节点分布: 4 节点 (6, 8, 10, 12)
文件1数据：1.98438，文件2数据：1.76562，差值百分比：-11.02%

错误节点分布: 4 节点 (6, 8, 10, 13)
文件1数据：1.98828，文件2数据：1.76562，差值百分比：-11.20%

错误节点分布: 4 节点 (6, 8, 11, 12)
文件1数据：1.98438，文件2数据：1.75，差值百分比：-11.81%

错误节点分布: 4 节点 (6, 8, 11, 13)
文件1数据：1.91406，文件2数据：1.73828，差值百分比：-9.18%

错误节点分布: 4 节点 (6, 8, 12, 13)
文件1数据：1.90625，文件2数据：1.73438，差值百分比：-9.02%

错误节点分布: 4 节点 (6, 9, 10, 11)
文件1数据：1.94141，文件2数据：1.76172，差值百分比：-9.26%

错误节点分布: 4 节点 (6, 9, 10, 12)
文件1数据：1.95703，文件2数据：1.75，差值百分比：-10.58%

错误节点分布: 4 节点 (6, 9, 10, 13)
文件1数据：1.96484，文件2数据：1.74609，差值百分比：-11.13%

错误节点分布: 4 节点 (6, 9, 11, 12)
文件1数据：1.94141，文件2数据：1.75，差值百分比：-9.86%

错误节点分布: 4 节点 (6, 9, 11, 13)
文件1数据：2.03125，文件2数据：1.75，差值百分比：-13.85%

错误节点分布: 4 节点 (6, 9, 12, 13)
文件1数据：1.98438，文件2数据：1.75391，差值百分比：-11.61%

错误节点分布: 4 节点 (6, 10, 11, 12)
文件1数据：2.09375，文件2数据：1.75，差值百分比：-16.42%

错误节点分布: 4 节点 (6, 10, 11, 13)
文件1数据：2.09766，文件2数据：1.75，差值百分比：-16.57%

错误节点分布: 4 节点 (6, 10, 12, 13)
文件1数据：2.08984，文件2数据：1.75，差值百分比：-16.26%

错误节点分布: 4 节点 (6, 11, 12, 13)
文件1数据：2.09375，文件2数据：1.75，差值百分比：-16.42%

错误节点分布: 4 节点 (7, 8, 9, 10)
文件1数据：1.66016，文件2数据：1.61719，差值百分比：-2.59%

错误节点分布: 4 节点 (7, 8, 9, 11)
文件1数据：1.72656，文件2数据：1.63281，差值百分比：-5.43%

错误节点分布: 4 节点 (7, 8, 9, 12)
文件1数据：1.78906，文件2数据：1.625，差值百分比：-9.17%

错误节点分布: 4 节点 (7, 8, 9, 13)
文件1数据：1.71875，文件2数据：1.64453，差值百分比：-4.32%

错误节点分布: 4 节点 (7, 8, 10, 11)
文件1数据：1.9375，文件2数据：1.73828，差值百分比：-10.28%

错误节点分布: 4 节点 (7, 8, 10, 12)
文件1数据：1.92188，文件2数据：1.75391，差值百分比：-8.74%

错误节点分布: 4 节点 (7, 8, 10, 13)
文件1数据：1.98047，文件2数据：1.75391，差值百分比：-11.44%

错误节点分布: 4 节点 (7, 8, 11, 12)
文件1数据：1.94531，文件2数据：1.76953，差值百分比：-9.04%

错误节点分布: 4 节点 (7, 8, 11, 13)
文件1数据：1.92188，文件2数据：1.79297，差值百分比：-6.71%

错误节点分布: 4 节点 (7, 8, 12, 13)
文件1数据：1.89844，文件2数据：1.76562，差值百分比：-7.00%

错误节点分布: 4 节点 (7, 9, 10, 11)
文件1数据：1.91797，文件2数据：1.74219，差值百分比：-9.16%

错误节点分布: 4 节点 (7, 9, 10, 12)
文件1数据：1.97656，文件2数据：1.76562，差值百分比：-10.67%

错误节点分布: 4 节点 (7, 9, 10, 13)
文件1数据：1.89844，文件2数据：1.73438，差值百分比：-8.64%

错误节点分布: 4 节点 (7, 9, 11, 12)
文件1数据：1.92578，文件2数据：1.75781，差值百分比：-8.72%

错误节点分布: 4 节点 (7, 9, 11, 13)
文件1数据：1.95312，文件2数据：1.74609，差值百分比：-10.60%

错误节点分布: 4 节点 (7, 9, 12, 13)
文件1数据：1.9375，文件2数据：1.75781，差值百分比：-9.27%

错误节点分布: 4 节点 (7, 10, 11, 12)
文件1数据：2.08594，文件2数据：1.75，差值百分比：-16.10%

错误节点分布: 4 节点 (7, 10, 11, 13)
文件1数据：2.08203，文件2数据：1.75，差值百分比：-15.95%

错误节点分布: 4 节点 (7, 10, 12, 13)
文件1数据：2.0625，文件2数据：1.75，差值百分比：-15.15%

错误节点分布: 4 节点 (7, 11, 12, 13)
文件1数据：2.04688，文件2数据：1.75，差值百分比：-14.50%

错误节点分布: 4 节点 (8, 9, 10, 11)
文件1数据：2.12109，文件2数据：1.72656，差值百分比：-18.60%

错误节点分布: 4 节点 (8, 9, 10, 12)
文件1数据：2.12891，文件2数据：1.73828，差值百分比：-18.35%

错误节点分布: 4 节点 (8, 9, 10, 13)
文件1数据：2.05078，文件2数据：1.71484，差值百分比：-16.38%

错误节点分布: 4 节点 (8, 9, 11, 12)
文件1数据：1.94531，文件2数据：1.67188，差值百分比：-14.06%

错误节点分布: 4 节点 (8, 9, 11, 13)
文件1数据：1.97266，文件2数据：1.67578，差值百分比：-15.05%

错误节点分布: 4 节点 (8, 9, 12, 13)
文件1数据：2.01172，文件2数据：1.73828，差值百分比：-13.59%

错误节点分布: 4 节点 (8, 10, 11, 12)
文件1数据：2.32031，文件2数据：1.79688，差值百分比：-22.56%

错误节点分布: 4 节点 (8, 10, 11, 13)
文件1数据：2.26172，文件2数据：1.79688，差值百分比：-20.55%

错误节点分布: 4 节点 (8, 10, 12, 13)
文件1数据：2.33594，文件2数据：1.79688，差值百分比：-23.08%

错误节点分布: 4 节点 (8, 11, 12, 13)
文件1数据：2.33203，文件2数据：1.78125，差值百分比：-23.62%

错误节点分布: 4 节点 (9, 10, 11, 12)
文件1数据：2.36328，文件2数据：1.8125，差值百分比：-23.31%

错误节点分布: 4 节点 (9, 10, 11, 13)
文件1数据：2.29297，文件2数据：1.82812，差值百分比：-20.27%

错误节点分布: 4 节点 (9, 10, 12, 13)
文件1数据：2.28125，文件2数据：1.79688，差值百分比：-21.23%

错误节点分布: 4 节点 (9, 11, 12, 13)
文件1数据：2.27734，文件2数据：1.8125，差值百分比：-20.41%

错误节点分布: 4 节点 (10, 11, 12, 13)
文件1数据：1.84766，文件2数据：1.69141，差值百分比：-8.46%

